#
# There is insufficient memory for the Java Runtime Environment to continue.
# Native memory allocation (malloc) failed to allocate 272912 bytes for Chunk::new
# Possible reasons:
#   The system is out of physical RAM or swap space
#   In 32 bit mode, the process size limit was hit
# Possible solutions:
#   Reduce memory load on the system
#   Increase physical memory or swap space
#   Check if swap backing store is full
#   Use 64 bit Java on a 64 bit OS
#   Decrease Java heap size (-Xmx/-Xms)
#   Decrease number of Java threads
#   Decrease Java thread stack sizes (-Xss)
#   Set larger code cache with -XX:ReservedCodeCacheSize=
# This output file may be truncated or incomplete.
#
#  Out of Memory Error (allocation.cpp:390), pid=2036, tid=6828
#
# JRE version: Java(TM) SE Runtime Environment (8.0_20-b26) (build 1.8.0_20-b26)
# Java VM: Java HotSpot(TM) 64-Bit Server VM (25.20-b23 mixed mode windows-amd64 compressed oops)
# Failed to write core dump. Minidumps are not enabled by default on client versions of Windows
#

---------------  T H R E A D  ---------------

Current thread (0x000000000626d000):  JavaThread "C2 CompilerThread1" daemon [_thread_in_native, id=6828, stack(0x0000000008140000,0x0000000008240000)]

Stack: [0x0000000008140000,0x0000000008240000]
[error occurred during error reporting (printing stack bounds), id 0xc0000005]

Native frames: (J=compiled Java code, j=interpreted, Vv=VM code, C=native code)
V  [jvm.dll+0x3152fa]


Current CompileTask:
C2:    857  635   !   4       com.android.dx.rop.code.RegisterSpec::intern (70 bytes)


---------------  P R O C E S S  ---------------

Java Threads: ( => current thread )
  0x0000000007d34800 JavaThread "pool-1-thread-3" [_thread_blocked, id=6368, stack(0x0000000008650000,0x0000000008750000)]
  0x0000000007d27000 JavaThread "pool-1-thread-2" [_thread_in_Java, id=2768, stack(0x0000000008490000,0x0000000008590000)]
  0x0000000007d25800 JavaThread "pool-1-thread-1" [_thread_in_vm, id=5216, stack(0x0000000008390000,0x0000000008490000)]
  0x0000000007c9c800 JavaThread "Service Thread" daemon [_thread_blocked, id=308, stack(0x0000000007a10000,0x0000000007b10000)]
  0x0000000007c44800 JavaThread "C1 CompilerThread2" daemon [_thread_blocked, id=6980, stack(0x0000000008270000,0x0000000008370000)]
=>0x000000000626d000 JavaThread "C2 CompilerThread1" daemon [_thread_in_native, id=6828, stack(0x0000000008140000,0x0000000008240000)]
  0x0000000006265800 JavaThread "C2 CompilerThread0" daemon [_thread_in_native, id=2888, stack(0x0000000007b40000,0x0000000007c40000)]
  0x0000000006264000 JavaThread "Attach Listener" daemon [_thread_blocked, id=5128, stack(0x0000000007550000,0x0000000007650000)]
  0x0000000006261000 JavaThread "Signal Dispatcher" daemon [_thread_blocked, id=6912, stack(0x0000000007880000,0x0000000007980000)]
  0x0000000006204800 JavaThread "Finalizer" daemon [_thread_blocked, id=796, stack(0x00000000076f0000,0x00000000077f0000)]
  0x00000000061fb800 JavaThread "Reference Handler" daemon [_thread_blocked, id=312, stack(0x0000000007440000,0x0000000007540000)]
  0x000000000262e000 JavaThread "main" [_thread_blocked, id=3988, stack(0x00000000027c0000,0x00000000028c0000)]

Other Threads:
  0x00000000061f6000 VMThread [stack: 0x0000000007240000,0x0000000007340000] [id=6932]
  0x0000000007c9f800 WatcherThread [stack: 0x0000000002630000,0x0000000002730000] [id=4936]

VM state:not at safepoint (normal execution)

VM Mutex/Monitor currently owned by a thread: None

Heap:
 PSYoungGen      total 18944K, used 13743K [0x00000000eab00000, 0x00000000ec000000, 0x0000000100000000)
  eden space 16384K, 83% used [0x00000000eab00000,0x00000000eb86bf08,0x00000000ebb00000)
  from space 2560K, 0% used [0x00000000ebd80000,0x00000000ebd80000,0x00000000ec000000)
  to   space 2560K, 0% used [0x00000000ebb00000,0x00000000ebb00000,0x00000000ebd80000)
 ParOldGen       total 44032K, used 0K [0x00000000c0000000, 0x00000000c2b00000, 0x00000000eab00000)
  object space 44032K, 0% used [0x00000000c0000000,0x00000000c0000000,0x00000000c2b00000)
 Metaspace       used 5123K, capacity 6448K, committed 6528K, reserved 1056768K
  class space    used 555K, capacity 616K, committed 640K, reserved 1048576K

Card table byte_map: [0x0000000002c80000,0x0000000002e90000] byte_map_base: 0x0000000002680000

Marking Bits: (ParMarkBitMap*) 0x000000006381b460
 Begin Bits: [0x0000000003670000, 0x0000000004670000)
 End Bits:   [0x0000000004670000, 0x0000000005670000)

Polling page: 0x0000000000230000

CodeCache: size=245760Kb used=2613Kb max_used=2613Kb free=243146Kb
 bounds [0x000000000f010000, 0x000000000f2a0000, 0x000000001e010000]
 total_blobs=957 nmethods=692 adapters=177
 compilation: disabled (not enough contiguous free space left)

Compilation events (10 events):
Event: 0.815 Thread 0x0000000006265800 nmethod 656 0x000000000f275210 code [0x000000000f275360, 0x000000000f275498]
Event: 0.815 Thread 0x0000000006265800  660       4       com.android.dx.util.MutabilityControl::throwIfMutable (18 bytes)
Event: 0.815 Thread 0x0000000006265800 nmethod 660 0x000000000f25c850 code [0x000000000f25c980, 0x000000000f25c9d8]
Event: 0.816 Thread 0x0000000007c44800 nmethod 602 0x000000000f27bc90 code [0x000000000f27bec0, 0x000000000f27d028]
Event: 0.816 Thread 0x0000000007c44800  657       3       com.android.dx.cf.code.BaseMachine::clearArgs (56 bytes)
Event: 0.816 Thread 0x0000000007c44800 nmethod 657 0x000000000f27b390 code [0x000000000f27b4e0, 0x000000000f27b6d0]
Event: 0.816 Thread 0x0000000007c44800  658       3       com.android.dx.cf.code.ConcreteMethod::makeSourcePosistion (21 bytes)
Event: 0.816 Thread 0x0000000007c44800 nmethod 658 0x000000000f27ae50 code [0x000000000f27afc0, 0x000000000f27b278]
Event: 0.816 Thread 0x0000000007c44800  664       3       com.android.dx.ssa.Dominators::compress (229 bytes)
Event: 0.818 Thread 0x0000000006265800  669       4       com.android.dx.rop.type.Type::equals (31 bytes)

GC Heap History (0 events):
No events

Deoptimization events (4 events):
Event: 0.756 Thread 0x0000000007d35800 Uncommon trap: reason=class_check action=maybe_recompile pc=0x000000000f1e8d60 method=com.android.dx.ssa.NormalSsaInsn.accept(Lcom/android/dx/ssa/SsaInsn$Visitor;)V @ 9
Event: 0.756 Thread 0x0000000007d35800 Uncommon trap: reason=class_check action=maybe_recompile pc=0x000000000f1e8d60 method=com.android.dx.ssa.NormalSsaInsn.accept(Lcom/android/dx/ssa/SsaInsn$Visitor;)V @ 9
Event: 0.764 Thread 0x0000000007d35800 Uncommon trap: reason=class_check action=maybe_recompile pc=0x000000000f1e8d60 method=com.android.dx.ssa.NormalSsaInsn.accept(Lcom/android/dx/ssa/SsaInsn$Visitor;)V @ 9
Event: 0.764 Thread 0x0000000007d35800 Uncommon trap: reason=class_check action=maybe_recompile pc=0x000000000f1e8d60 method=com.android.dx.ssa.NormalSsaInsn.accept(Lcom/android/dx/ssa/SsaInsn$Visitor;)V @ 9

Internal exceptions (2 events):
Event: 0.033 Thread 0x000000000262e000 Exception <a 'java/lang/NoSuchMethodError': Method sun.misc.Unsafe.defineClass(Ljava/lang/String;[BII)Ljava/lang/Class; name or signature does not match> (0x00000000eab12158) thrown at [D:\re\workspace\8-2-build-windows-amd64-cygwin\jdk8u20\1074\hotspot\srõW‚¼R-¡?
Event: 0.034 Thread 0x000000000262e000 Exception <a 'java/lang/NoSuchMethodError': Method sun.misc.Unsafe.prefetchRead(Ljava/lang/Object;J)V name or signature does not match> (0x00000000eab123e8) thrown at [D:\re\workspace\8-2-build-windows-amd64-cygwin\jdk8u20\1074\hotspot\src\share\vm\prims\j

Events (10 events):
Event: 0.764 Thread 0x0000000007d35800 DEOPT UNPACKING pc=0x000000000f05556a sp=0x000000000885e810 mode 2
Event: 0.768 loading class com/android/dx/dex/file/MethodAnnotationStruct
Event: 0.768 loading class com/android/dx/dex/file/MethodAnnotationStruct done
Event: 0.779 loading class java/util/ArrayList$1 done
Event: 0.780 loading class com/android/dx/cf/code/BytecodeArray$ConstantParserVisitor
Event: 0.780 loading class com/android/dx/cf/code/BytecodeArray$ConstantParserVisitor done
Event: 0.781 loading class com/android/dx/ssa/back/FirstFitLocalCombiningAllocator$Multiset
Event: 0.781 loading class com/android/dx/ssa/back/FirstFitLocalCombiningAllocator$Multiset done
Event: 0.785 Executing VM operation: ForceSafepoint
Event: 0.785 Executing VM operation: ForceSafepoint done


Dynamic libraries:
0x000000013f060000 - 0x000000013f094000 	C:\PROGRA~1\Java\JDK18~1.0_2\bin\java.exe
0x0000000077050000 - 0x00000000771f9000 	C:\Windows\SYSTEM32\ntdll.dll
0x0000000076f30000 - 0x000000007704f000 	C:\Windows\system32\kernel32.dll
0x000007fefd040000 - 0x000007fefd0ab000 	C:\Windows\system32\KERNELBASE.dll
0x000007fefd230000 - 0x000007fefd30b000 	C:\Windows\system32\ADVAPI32.dll
0x000007feff1b0000 - 0x000007feff24f000 	C:\Windows\system32\msvcrt.dll
0x000007fefdd50000 - 0x000007fefdd6f000 	C:\Windows\SYSTEM32\sechost.dll
0x000007fefdb10000 - 0x000007fefdc3d000 	C:\Windows\system32\RPCRT4.dll
0x0000000076e30000 - 0x0000000076f2a000 	C:\Windows\system32\USER32.dll
0x000007feff250000 - 0x000007feff2b7000 	C:\Windows\system32\GDI32.dll
0x000007fefddd0000 - 0x000007fefddde000 	C:\Windows\system32\LPK.dll
0x000007fefd780000 - 0x000007fefd849000 	C:\Windows\system32\USP10.dll
0x000007fefb780000 - 0x000007fefb974000 	C:\Windows\WinSxS\amd64_microsoft.windows.common-controls_6595b64144ccf1df_6.0.7601.17514_none_fa396087175ac9ac\COMCTL32.dll
0x000007fefd490000 - 0x000007fefd501000 	C:\Windows\system32\SHLWAPI.dll
0x000007fefd750000 - 0x000007fefd77e000 	C:\Windows\system32\IMM32.DLL
0x000007fefdc40000 - 0x000007fefdd49000 	C:\Windows\system32\MSCTF.dll
0x000007fefcdc0000 - 0x000007fefcdf1000 	C:\Windows\system32\nvinitx.dll
0x000000000f000000 - 0x000000000f006000 	C:\Program Files\NVIDIA Corporation\CoProcManager\detoured.dll
0x000007fef8a60000 - 0x000007fef8a8d000 	C:\Program Files\NVIDIA Corporation\CoProcManager\nvd3d9wrapx.dll
0x000007fefdec0000 - 0x000007fefe097000 	C:\Windows\system32\SETUPAPI.dll
0x000007fefcec0000 - 0x000007fefcef6000 	C:\Windows\system32\CFGMGR32.dll
0x000007fefdde0000 - 0x000007fefdeb7000 	C:\Windows\system32\OLEAUT32.dll
0x000007fefd850000 - 0x000007fefda53000 	C:\Windows\system32\ole32.dll
0x000007fefcfb0000 - 0x000007fefcfca000 	C:\Windows\system32\DEVOBJ.dll
0x000007fef8a20000 - 0x000007fef8a42000 	C:\Program Files\NVIDIA Corporation\CoProcManager\nvdxgiwrapx.dll
0x0000000062440000 - 0x0000000062512000 	C:\PROGRA~1\Java\JDK18~1.0_2\jre\bin\msvcr100.dll
0x0000000063040000 - 0x0000000063898000 	C:\PROGRA~1\Java\JDK18~1.0_2\jre\bin\server\jvm.dll
0x000007fef35e0000 - 0x000007fef35e9000 	C:\Windows\system32\WSOCK32.dll
0x000007fefe350000 - 0x000007fefe39d000 	C:\Windows\system32\WS2_32.dll
0x000007fefdb00000 - 0x000007fefdb08000 	C:\Windows\system32\NSI.dll
0x000007fef8c90000 - 0x000007fef8ccb000 	C:\Windows\system32\WINMM.dll
0x0000000077220000 - 0x0000000077227000 	C:\Windows\system32\PSAPI.DLL
0x000000006e760000 - 0x000000006e76f000 	C:\PROGRA~1\Java\JDK18~1.0_2\jre\bin\verify.dll
0x000000006ce50000 - 0x000000006ce78000 	C:\PROGRA~1\Java\JDK18~1.0_2\jre\bin\java.dll
0x000000006e740000 - 0x000000006e756000 	C:\PROGRA~1\Java\JDK18~1.0_2\jre\bin\zip.dll
0x000007fefe3a0000 - 0x000007feff128000 	C:\Windows\system32\SHELL32.dll
0x000007fefce00000 - 0x000007fefce0f000 	C:\Windows\system32\profapi.dll

VM Arguments:
jvm_args: -Xmx1024M -Xss1m -Djava.ext.dirs=D:\androidStudio\sdk\build-tools\android-4.4W\lib 
java_command: D:\androidStudio\sdk\build-tools\android-4.4W\lib\dx.jar --dex --num-threads 4 --output D:\AndroidStudioProjects\AudioPlayer\app\build\intermediates\dex\debug D:\AndroidStudioProjects\AudioPlayer\app\build\intermediates\classes\debug D:\AndroidStudioProjects\AudioPlayer\app\build\intermediates\dependency-cache\debug
java_class_path (initial): D:\androidStudio\sdk\build-tools\android-4.4W\lib\dx.jar
Launcher Type: SUN_STANDARD

Environment Variables:
JAVA_HOME=C:\Program Files\Java\jdk1.8.0_20
PATH=C:\ProgramData\Oracle\Java\javapath;C:\Program Files (x86)\NVIDIA Corporation\PhysX\Common;C:\Program Files (x86)\Intel\iCLS Client\;C:\Program Files\Intel\iCLS Client\;C:\Windows\system32;C:\Windows;C:\Windows\System32\Wbem;C:\Windows\System32\WindowsPowerShell\v1.0\;C:\Program Files (x86)\Intel\OpenCL SDK\2.0\bin\x86;C:\Program Files (x86)\Intel\OpenCL SDK\2.0\bin\x64;C:\Program Files\Intel\Intel(R) Management Engine Components\DAL;C:\Program Files\Intel\Intel(R) Management Engine Components\IPT;C:\Program Files (x86)\Intel\Intel(R) Management Engine Components\DAL;C:\Program Files (x86)\Intel\Intel(R) Management Engine Components\IPT
USERNAME=Admin
OS=Windows_NT
PROCESSOR_IDENTIFIER=Intel64 Family 6 Model 58 Stepping 9, GenuineIntel



---------------  S Y S T E M  ---------------

OS: Windows 7 , 64 bit Build 7601 Service Pack 1

CPU:total 4 (2 cores per cpu, 2 threads per core) family 6 model 58 stepping 9, cmov, cx8, fxsr, mmx, sse, sse2, sse3, ssse3, sse4.1, sse4.2, popcnt, avx, clmul, erms, ht, tsc, tscinvbit, tscinv

Memory: 4k page, physical 4077464k(515240k free), swap 4075600k(5124k free)

vm_info: Java HotSpot(TM) 64-Bit Server VM (25.20-b23) for windows-amd64 JRE (1.8.0_20-b26), built on Jul 30 2014 13:51:23 by "java_re" with MS VC++ 10.0 (VS2010)

time: Fri Aug 29 14:13:21 2014
elapsed time: 0 seconds (0d 0h 0m 0s)

