#
# There is insufficient memory for the Java Runtime Environment to continue.
# Native memory allocation (malloc) failed to allocate 32744 bytes for ChunkPool::allocate
# Possible reasons:
#   The system is out of physical RAM or swap space
#   In 32 bit mode, the process size limit was hit
# Possible solutions:
#   Reduce memory load on the system
#   Increase physical memory or swap space
#   Check if swap backing store is full
#   Use 64 bit Java on a 64 bit OS
#   Decrease Java heap size (-Xmx/-Xms)
#   Decrease number of Java threads
#   Decrease Java thread stack sizes (-Xss)
#   Set larger code cache with -XX:ReservedCodeCacheSize=
# This output file may be truncated or incomplete.
#
#  Out of Memory Error (allocation.cpp:273), pid=5220, tid=312
#
# JRE version: Java(TM) SE Runtime Environment (8.0_20-b26) (build 1.8.0_20-b26)
# Java VM: Java HotSpot(TM) 64-Bit Server VM (25.20-b23 mixed mode windows-amd64 compressed oops)
# Failed to write core dump. Minidumps are not enabled by default on client versions of Windows
#

---------------  T H R E A D  ---------------

Current thread (0x0000000006027000):  JavaThread "C2 CompilerThread1" daemon [_thread_in_native, id=312, stack(0x0000000007e90000,0x0000000007f90000)]

Stack: [0x0000000007e90000,0x0000000007f90000]
Native frames: (J=compiled Java code, j=interpreted, Vv=VM code, C=native code)
V  [jvm.dll+0x3152fa]


Current CompileTask:
C2:   3681 1665       4       java.net.URLClassLoader$1::run (5 bytes)


---------------  P R O C E S S  ---------------

Java Threads: ( => current thread )
  0x0000000008f9f000 JavaThread "Stdin handler" [_thread_blocked, id=5160, stack(0x0000000009e10000,0x0000000009f10000)]
  0x0000000008e01000 JavaThread "Handler for socket connection at /127.0.0.1:53230 with /127.0.0.1:53231" [_thread_in_native, id=7140, stack(0x000000000a490000,0x000000000a590000)]
  0x0000000008ef0800 JavaThread "Daemon" [_thread_in_vm, id=6956, stack(0x000000000a290000,0x000000000a390000)]
  0x0000000008556000 JavaThread "Incoming local TCP Connector on port 53230" [_thread_in_native, id=3260, stack(0x0000000009f20000,0x000000000a020000)]
  0x0000000006029000 JavaThread "Service Thread" daemon [_thread_blocked, id=4776, stack(0x0000000008200000,0x0000000008300000)]
  0x0000000006028000 JavaThread "C1 CompilerThread2" daemon [_thread_blocked, id=2368, stack(0x00000000080c0000,0x00000000081c0000)]
=>0x0000000006027000 JavaThread "C2 CompilerThread1" daemon [_thread_in_native, id=312, stack(0x0000000007e90000,0x0000000007f90000)]
  0x0000000006020000 JavaThread "C2 CompilerThread0" daemon [_thread_in_native, id=5204, stack(0x0000000007810000,0x0000000007910000)]
  0x000000000602e800 JavaThread "Attach Listener" daemon [_thread_blocked, id=4180, stack(0x0000000007490000,0x0000000007590000)]
  0x000000000602d800 JavaThread "Signal Dispatcher" daemon [_thread_blocked, id=6480, stack(0x0000000007650000,0x0000000007750000)]
  0x0000000005fc5800 JavaThread "Finalizer" daemon [_thread_blocked, id=5828, stack(0x0000000007270000,0x0000000007370000)]
  0x0000000005fbc800 JavaThread "Reference Handler" daemon [_thread_blocked, id=4940, stack(0x0000000007390000,0x0000000007490000)]
  0x000000000244f000 JavaThread "main" [_thread_blocked, id=6884, stack(0x0000000002620000,0x0000000002720000)]

Other Threads:
  0x0000000005fb7000 VMThread [stack: 0x0000000007120000,0x0000000007220000] [id=5124]
  0x000000000797e800 WatcherThread [stack: 0x0000000008380000,0x0000000008480000] [id=6396]

VM state:not at safepoint (normal execution)

VM Mutex/Monitor currently owned by a thread: None

Heap:
 PSYoungGen      total 35328K, used 27811K [0x00000000eab00000, 0x00000000ed000000, 0x0000000100000000)
  eden space 32768K, 77% used [0x00000000eab00000,0x00000000ec3ac948,0x00000000ecb00000)
  from space 2560K, 99% used [0x00000000ecb00000,0x00000000ecd7c3c0,0x00000000ecd80000)
  to   space 2560K, 0% used [0x00000000ecd80000,0x00000000ecd80000,0x00000000ed000000)
 ParOldGen       total 28160K, used 6100K [0x00000000c0000000, 0x00000000c1b80000, 0x00000000eab00000)
  object space 28160K, 21% used [0x00000000c0000000,0x00000000c05f5268,0x00000000c1b80000)
 Metaspace       used 16823K, capacity 17220K, committed 17408K, reserved 1064960K
  class space    used 2291K, capacity 2426K, committed 2560K, reserved 1048576K

Card table byte_map: [0x0000000002ae0000,0x0000000002cf0000] byte_map_base: 0x00000000024e0000

Marking Bits: (ParMarkBitMap*) 0x000000006048b460
 Begin Bits: [0x0000000003430000, 0x0000000004430000)
 End Bits:   [0x0000000004430000, 0x0000000005430000)

Polling page: 0x0000000002200000

CodeCache: size=245760Kb used=5420Kb max_used=5420Kb free=240339Kb
 bounds [0x000000000f010000, 0x000000000f560000, 0x000000001e010000]
 total_blobs=2021 nmethods=1659 adapters=273
 compilation: enabled

Compilation events (10 events):
Event: 3.648 Thread 0x0000000006028000 nmethod 1662 0x000000000f55b390 code [0x000000000f55b500, 0x000000000f55b730]
Event: 3.648 Thread 0x0000000006028000 1663       3       org.objectweb.asm.ClassWriter::newNameType (10 bytes)
Event: 3.649 Thread 0x0000000006028000 nmethod 1663 0x000000000f55af90 code [0x000000000f55b100, 0x000000000f55b2a8]
Event: 3.649 Thread 0x0000000006028000 1664       3       org.objectweb.asm.ClassWriter::a (71 bytes)
Event: 3.649 Thread 0x0000000006028000 nmethod 1664 0x000000000f55a5d0 code [0x000000000f55a7a0, 0x000000000f55acb8]
Event: 3.650 Thread 0x0000000006027000 1665       4       java.net.URLClassLoader$1::run (5 bytes)
Event: 3.660 Thread 0x0000000006028000 1667       3       java.util.Locale::equals (75 bytes)
Event: 3.661 Thread 0x0000000006028000 nmethod 1667 0x000000000f55cb10 code [0x000000000f55ccc0, 0x000000000f55d4d8]
Event: 3.661 Thread 0x0000000006028000 1668       3       java.lang.Class::getMethod0 (40 bytes)
Event: 3.661 Thread 0x0000000006028000 nmethod 1668 0x000000000f55d690 code [0x000000000f55d820, 0x000000000f55db38]

GC Heap History (10 events):
Event: 1.371 GC heap before
{Heap before GC invocations=2 (full 0):
 PSYoungGen      total 18944K, used 18915K [0x00000000eab00000, 0x00000000ed000000, 0x0000000100000000)
  eden space 16384K, 100% used [0x00000000eab00000,0x00000000ebb00000,0x00000000ebb00000)
  from space 2560K, 98% used [0x00000000ebb00000,0x00000000ebd78ef0,0x00000000ebd80000)
  to   space 2560K, 0% used [0x00000000ecd80000,0x00000000ecd80000,0x00000000ed000000)
 ParOldGen       total 44032K, used 719K [0x00000000c0000000, 0x00000000c2b00000, 0x00000000eab00000)
  object space 44032K, 1% used [0x00000000c0000000,0x00000000c00b3d88,0x00000000c2b00000)
 Metaspace       used 7653K, capacity 7902K, committed 8064K, reserved 1056768K
  class space    used 998K, capacity 1097K, committed 1152K, reserved 1048576K
Event: 1.376 GC heap after
Heap after GC invocations=2 (full 0):
 PSYoungGen      total 18944K, used 2541K [0x00000000eab00000, 0x00000000ed000000, 0x0000000100000000)
  eden space 16384K, 0% used [0x00000000eab00000,0x00000000eab00000,0x00000000ebb00000)
  from space 2560K, 99% used [0x00000000ecd80000,0x00000000ecffb600,0x00000000ed000000)
  to   space 2560K, 0% used [0x00000000ebb00000,0x00000000ebb00000,0x00000000ebd80000)
 ParOldGen       total 44032K, used 1495K [0x00000000c0000000, 0x00000000c2b00000, 0x00000000eab00000)
  object space 44032K, 3% used [0x00000000c0000000,0x00000000c0175dd0,0x00000000c2b00000)
 Metaspace       used 7653K, capacity 7902K, committed 8064K, reserved 1056768K
  class space    used 998K, capacity 1097K, committed 1152K, reserved 1048576K
}
Event: 2.205 GC heap before
{Heap before GC invocations=3 (full 0):
 PSYoungGen      total 18944K, used 18921K [0x00000000eab00000, 0x00000000ed000000, 0x0000000100000000)
  eden space 16384K, 99% used [0x00000000eab00000,0x00000000ebaff198,0x00000000ebb00000)
  from space 2560K, 99% used [0x00000000ecd80000,0x00000000ecffb600,0x00000000ed000000)
  to   space 2560K, 0% used [0x00000000ebb00000,0x00000000ebb00000,0x00000000ebd80000)
 ParOldGen       total 44032K, used 1495K [0x00000000c0000000, 0x00000000c2b00000, 0x00000000eab00000)
  object space 44032K, 3% used [0x00000000c0000000,0x00000000c0175dd0,0x00000000c2b00000)
 Metaspace       used 10562K, capacity 10876K, committed 11008K, reserved 1058816K
  class space    used 1394K, capacity 1490K, committed 1536K, reserved 1048576K
Event: 2.217 GC heap after
Heap after GC invocations=3 (full 0):
 PSYoungGen      total 18944K, used 2560K [0x00000000eab00000, 0x00000000ed000000, 0x0000000100000000)
  eden space 16384K, 0% used [0x00000000eab00000,0x00000000eab00000,0x00000000ebb00000)
  from space 2560K, 100% used [0x00000000ebb00000,0x00000000ebd80000,0x00000000ebd80000)
  to   space 2560K, 0% used [0x00000000ecd80000,0x00000000ecd80000,0x00000000ed000000)
 ParOldGen       total 44032K, used 3265K [0x00000000c0000000, 0x00000000c2b00000, 0x00000000eab00000)
  object space 44032K, 7% used [0x00000000c0000000,0x00000000c0330468,0x00000000c2b00000)
 Metaspace       used 10562K, capacity 10876K, committed 11008K, reserved 1058816K
  class space    used 1394K, capacity 1490K, committed 1536K, reserved 1048576K
}
Event: 2.294 GC heap before
{Heap before GC invocations=4 (full 0):
 PSYoungGen      total 18944K, used 8208K [0x00000000eab00000, 0x00000000ed000000, 0x0000000100000000)
  eden space 16384K, 34% used [0x00000000eab00000,0x00000000eb084038,0x00000000ebb00000)
  from space 2560K, 100% used [0x00000000ebb00000,0x00000000ebd80000,0x00000000ebd80000)
  to   space 2560K, 0% used [0x00000000ecd80000,0x00000000ecd80000,0x00000000ed000000)
 ParOldGen       total 44032K, used 3265K [0x00000000c0000000, 0x00000000c2b00000, 0x00000000eab00000)
  object space 44032K, 7% used [0x00000000c0000000,0x00000000c0330468,0x00000000c2b00000)
 Metaspace       used 10873K, capacity 11164K, committed 11264K, reserved 1060864K
  class space    used 1432K, capacity 1522K, committed 1536K, reserved 1048576K
Event: 2.299 GC heap after
Heap after GC invocations=4 (full 0):
 PSYoungGen      total 35328K, used 2528K [0x00000000eab00000, 0x00000000ed000000, 0x0000000100000000)
  eden space 32768K, 0% used [0x00000000eab00000,0x00000000eab00000,0x00000000ecb00000)
  from space 2560K, 98% used [0x00000000ecd80000,0x00000000ecff8020,0x00000000ed000000)
  to   space 2560K, 0% used [0x00000000ecb00000,0x00000000ecb00000,0x00000000ecd80000)
 ParOldGen       total 44032K, used 3918K [0x00000000c0000000, 0x00000000c2b00000, 0x00000000eab00000)
  object space 44032K, 8% used [0x00000000c0000000,0x00000000c03d39c8,0x00000000c2b00000)
 Metaspace       used 10873K, capacity 11164K, committed 11264K, reserved 1060864K
  class space    used 1432K, capacity 1522K, committed 1536K, reserved 1048576K
}
Event: 2.299 GC heap before
{Heap before GC invocations=5 (full 1):
 PSYoungGen      total 35328K, used 2528K [0x00000000eab00000, 0x00000000ed000000, 0x0000000100000000)
  eden space 32768K, 0% used [0x00000000eab00000,0x00000000eab00000,0x00000000ecb00000)
  from space 2560K, 98% used [0x00000000ecd80000,0x00000000ecff8020,0x00000000ed000000)
  to   space 2560K, 0% used [0x00000000ecb00000,0x00000000ecb00000,0x00000000ecd80000)
 ParOldGen       total 44032K, used 3918K [0x00000000c0000000, 0x00000000c2b00000, 0x00000000eab00000)
  object space 44032K, 8% used [0x00000000c0000000,0x00000000c03d39c8,0x00000000c2b00000)
 Metaspace       used 10873K, capacity 11164K, committed 11264K, reserved 1060864K
  class space    used 1432K, capacity 1522K, committed 1536K, reserved 1048576K
Event: 2.330 GC heap after
Heap after GC invocations=5 (full 1):
 PSYoungGen      total 35328K, used 0K [0x00000000eab00000, 0x00000000ed000000, 0x0000000100000000)
  eden space 32768K, 0% used [0x00000000eab00000,0x00000000eab00000,0x00000000ecb00000)
  from space 2560K, 0% used [0x00000000ecd80000,0x00000000ecd80000,0x00000000ed000000)
  to   space 2560K, 0% used [0x00000000ecb00000,0x00000000ecb00000,0x00000000ecd80000)
 ParOldGen       total 28160K, used 3450K [0x00000000c0000000, 0x00000000c1b80000, 0x00000000eab00000)
  object space 28160K, 12% used [0x00000000c0000000,0x00000000c035eb40,0x00000000c1b80000)
 Metaspace       used 10872K, capacity 11162K, committed 11264K, reserved 1060864K
  class space    used 1432K, capacity 1521K, committed 1536K, reserved 1048576K
}
Event: 2.980 GC heap before
{Heap before GC invocations=6 (full 1):
 PSYoungGen      total 35328K, used 32768K [0x00000000eab00000, 0x00000000ed000000, 0x0000000100000000)
  eden space 32768K, 100% used [0x00000000eab00000,0x00000000ecb00000,0x00000000ecb00000)
  from space 2560K, 0% used [0x00000000ecd80000,0x00000000ecd80000,0x00000000ed000000)
  to   space 2560K, 0% used [0x00000000ecb00000,0x00000000ecb00000,0x00000000ecd80000)
 ParOldGen       total 28160K, used 3450K [0x00000000c0000000, 0x00000000c1b80000, 0x00000000eab00000)
  object space 28160K, 12% used [0x00000000c0000000,0x00000000c035eb40,0x00000000c1b80000)
 Metaspace       used 15138K, capacity 15480K, committed 15616K, reserved 1062912K
  class space    used 2054K, capacity 2168K, committed 2304K, reserved 1048576K
Event: 2.988 GC heap after
Heap after GC invocations=6 (full 1):
 PSYoungGen      total 35328K, used 2544K [0x00000000eab00000, 0x00000000ed000000, 0x0000000100000000)
  eden space 32768K, 0% used [0x00000000eab00000,0x00000000eab00000,0x00000000ecb00000)
  from space 2560K, 99% used [0x00000000ecb00000,0x00000000ecd7c3c0,0x00000000ecd80000)
  to   space 2560K, 0% used [0x00000000ecd80000,0x00000000ecd80000,0x00000000ed000000)
 ParOldGen       total 28160K, used 6100K [0x00000000c0000000, 0x00000000c1b80000, 0x00000000eab00000)
  object space 28160K, 21% used [0x00000000c0000000,0x00000000c05f5268,0x00000000c1b80000)
 Metaspace       used 15138K, capacity 15480K, committed 15616K, reserved 1062912K
  class space    used 2054K, capacity 2168K, committed 2304K, reserved 1048576K
}

Deoptimization events (10 events):
Event: 2.825 Thread 0x0000000008ef0800 Uncommon trap: reason=class_check action=maybe_recompile pc=0x000000000f42a810 method=java.util.HashMap.putVal(ILjava/lang/Object;Ljava/lang/Object;ZZ)Ljava/lang/Object; @ 203
Event: 2.825 Thread 0x0000000008ef0800 Uncommon trap: reason=class_check action=maybe_recompile pc=0x000000000f42a810 method=java.util.HashMap.putVal(ILjava/lang/Object;Ljava/lang/Object;ZZ)Ljava/lang/Object; @ 203
Event: 2.846 Thread 0x0000000008ef0800 Uncommon trap: reason=class_check action=maybe_recompile pc=0x000000000f47ba28 method=org.gradle.internal.service.DefaultServiceRegistry$SingletonService.getService(Lorg/gradle/internal/service/DefaultServiceRegistry$LookupContext;Lorg/gradle/internal/serv
Event: 2.846 Thread 0x0000000008ef0800 Uncommon trap: reason=class_check action=maybe_recompile pc=0x000000000f47ba28 method=org.gradle.internal.service.DefaultServiceRegistry$SingletonService.getService(Lorg/gradle/internal/service/DefaultServiceRegistry$LookupContext;Lorg/gradle/internal/servÏ~$…√@
Event: 2.846 Thread 0x0000000008ef0800 Uncommon trap: reason=class_check action=maybe_recompile pc=0x000000000f47ba28 method=org.gradle.internal.service.DefaultServiceRegistry$SingletonService.getService(Lorg/gradle/internal/service/DefaultServiceRegistry$LookupContext;Lorg/gradle/internal/servöù—√@
Event: 2.846 Thread 0x0000000008ef0800 Uncommon trap: reason=class_check action=maybe_recompile pc=0x000000000f47ba28 method=org.gradle.internal.service.DefaultServiceRegistry$SingletonService.getService(Lorg/gradle/internal/service/DefaultServiceRegistry$LookupContext;Lorg/gradle/internal/servìà◊{%@
Event: 3.393 Thread 0x0000000008ef0800 Uncommon trap: reason=bimorphic action=maybe_recompile pc=0x000000000f473678 method=java.util.HashMap.putVal(ILjava/lang/Object;Ljava/lang/Object;ZZ)Ljava/lang/Object; @ 203
Event: 3.393 Thread 0x0000000008ef0800 Uncommon trap: reason=bimorphic action=maybe_recompile pc=0x000000000f473678 method=java.util.HashMap.putVal(ILjava/lang/Object;Ljava/lang/Object;ZZ)Ljava/lang/Object; @ 203
Event: 3.393 Thread 0x0000000008ef0800 Uncommon trap: reason=bimorphic action=maybe_recompile pc=0x000000000f473678 method=java.util.HashMap.putVal(ILjava/lang/Object;Ljava/lang/Object;ZZ)Ljava/lang/Object; @ 203
Event: 3.393 Thread 0x0000000008ef0800 Uncommon trap: reason=bimorphic action=maybe_recompile pc=0x000000000f473678 method=java.util.HashMap.putVal(ILjava/lang/Object;Ljava/lang/Object;ZZ)Ljava/lang/Object; @ 203

Internal exceptions (10 events):
Event: 3.666 Thread 0x0000000008ef0800 Exception <a 'java/security/PrivilegedActionException'> (0x00000000ec33f428) thrown at [D:\re\workspace\8-2-build-windows-amd64-cygwin\jdk8u20\1074\hotspot\src\share\vm\prims\jvm.cpp, line 1275]
Event: 3.676 Thread 0x0000000008ef0800 Exception <a 'java/security/PrivilegedActionException'> (0x00000000ec343a00) thrown at [D:\re\workspace\8-2-build-windows-amd64-cygwin\jdk8u20\1074\hotspot\src\share\vm\prims\jvm.cpp, line 1275]
Event: 3.676 Thread 0x0000000008ef0800 Exception <a 'java/security/PrivilegedActionException'> (0x00000000ec344a28) thrown at [D:\re\workspace\8-2-build-windows-amd64-cygwin\jdk8u20\1074\hotspot\src\share\vm\prims\jvm.cpp, line 1275]
Event: 3.676 Thread 0x0000000008ef0800 Exception <a 'java/security/PrivilegedActionException'> (0x00000000ec34ed70) thrown at [D:\re\workspace\8-2-build-windows-amd64-cygwin\jdk8u20\1074\hotspot\src\share\vm\prims\jvm.cpp, line 1275]
Event: 3.678 Thread 0x0000000008ef0800 Exception <a 'java/security/PrivilegedActionException'> (0x00000000ec353370) thrown at [D:\re\workspace\8-2-build-windows-amd64-cygwin\jdk8u20\1074\hotspot\src\share\vm\prims\jvm.cpp, line 1275]
Event: 3.678 Thread 0x0000000008ef0800 Exception <a 'java/security/PrivilegedActionException'> (0x00000000ec354398) thrown at [D:\re\workspace\8-2-build-windows-amd64-cygwin\jdk8u20\1074\hotspot\src\share\vm\prims\jvm.cpp, line 1275]
Event: 3.678 Thread 0x0000000008ef0800 Exception <a 'java/security/PrivilegedActionException'> (0x00000000ec35e6e0) thrown at [D:\re\workspace\8-2-build-windows-amd64-cygwin\jdk8u20\1074\hotspot\src\share\vm\prims\jvm.cpp, line 1275]
Event: 3.679 Thread 0x0000000008ef0800 Exception <a 'java/security/PrivilegedActionException'> (0x00000000ec362d10) thrown at [D:\re\workspace\8-2-build-windows-amd64-cygwin\jdk8u20\1074\hotspot\src\share\vm\prims\jvm.cpp, line 1275]
Event: 3.679 Thread 0x0000000008ef0800 Exception <a 'java/security/PrivilegedActionException'> (0x00000000ec363d38) thrown at [D:\re\workspace\8-2-build-windows-amd64-cygwin\jdk8u20\1074\hotspot\src\share\vm\prims\jvm.cpp, line 1275]
Event: 3.679 Thread 0x0000000008ef0800 Exception <a 'java/security/PrivilegedActionException'> (0x00000000ec36e080) thrown at [D:\re\workspace\8-2-build-windows-amd64-cygwin\jdk8u20\1074\hotspot\src\share\vm\prims\jvm.cpp, line 1275]

Events (10 events):
Event: 3.664 loading class org/gradle/api/artifacts/ResolvedModuleVersion
Event: 3.664 loading class org/gradle/api/artifacts/ResolvedModuleVersion done
Event: 3.665 loading class org/gradle/api/internal/artifacts/ivyservice/resolutionstrategy/DefaultCachePolicy$1
Event: 3.665 loading class org/gradle/api/internal/artifacts/ivyservice/resolutionstrategy/DefaultCachePolicy$1 done
Event: 3.676 loading class org/gradle/api/internal/artifacts/ivyservice/resolutionstrategy/DefaultCachePolicy$2
Event: 3.676 loading class org/gradle/api/internal/artifacts/ivyservice/resolutionstrategy/DefaultCachePolicy$2 done
Event: 3.678 loading class org/gradle/api/internal/artifacts/ivyservice/resolutionstrategy/DefaultCachePolicy$3
Event: 3.678 loading class org/gradle/api/internal/artifacts/ivyservice/resolutionstrategy/DefaultCachePolicy$3 done
Event: 3.679 loading class org/gradle/api/internal/artifacts/ivyservice/resolutionstrategy/DefaultCachePolicy$4
Event: 3.679 loading class org/gradle/api/internal/artifacts/ivyservice/resolutionstrategy/DefaultCachePolicy$4 done


Dynamic libraries:
0x000000013ff20000 - 0x000000013ff54000 	C:\Program Files\Java\jdk1.8.0_20\bin\java.exe
0x00000000771f0000 - 0x0000000077399000 	C:\Windows\SYSTEM32\ntdll.dll
0x0000000076fd0000 - 0x00000000770ef000 	C:\Windows\system32\kernel32.dll
0x000007fefd330000 - 0x000007fefd39b000 	C:\Windows\system32\KERNELBASE.dll
0x000007fefe650000 - 0x000007fefe72b000 	C:\Windows\system32\ADVAPI32.dll
0x000007feff320000 - 0x000007feff3bf000 	C:\Windows\system32\msvcrt.dll
0x000007feff3d0000 - 0x000007feff3ef000 	C:\Windows\SYSTEM32\sechost.dll
0x000007fefe8a0000 - 0x000007fefe9cd000 	C:\Windows\system32\RPCRT4.dll
0x00000000770f0000 - 0x00000000771ea000 	C:\Windows\system32\USER32.dll
0x000007fefd3d0000 - 0x000007fefd437000 	C:\Windows\system32\GDI32.dll
0x000007fefed20000 - 0x000007fefed2e000 	C:\Windows\system32\LPK.dll
0x000007fefe7d0000 - 0x000007fefe899000 	C:\Windows\system32\USP10.dll
0x000007fefb920000 - 0x000007fefbb14000 	C:\Windows\WinSxS\amd64_microsoft.windows.common-controls_6595b64144ccf1df_6.0.7601.17514_none_fa396087175ac9ac\COMCTL32.dll
0x000007fefd470000 - 0x000007fefd4e1000 	C:\Windows\system32\SHLWAPI.dll
0x000007fefd440000 - 0x000007fefd46e000 	C:\Windows\system32\IMM32.DLL
0x000007feff3f0000 - 0x000007feff4f9000 	C:\Windows\system32\MSCTF.dll
0x000007fefcf60000 - 0x000007fefcf91000 	C:\Windows\system32\nvinitx.dll
0x000000000f000000 - 0x000000000f006000 	C:\Program Files\NVIDIA Corporation\CoProcManager\detoured.dll
0x000007fef8ca0000 - 0x000007fef8ccd000 	C:\Program Files\NVIDIA Corporation\CoProcManager\nvd3d9wrapx.dll
0x000007feff140000 - 0x000007feff317000 	C:\Windows\system32\SETUPAPI.dll
0x000007fefd1f0000 - 0x000007fefd226000 	C:\Windows\system32\CFGMGR32.dll
0x000007fefe280000 - 0x000007fefe357000 	C:\Windows\system32\OLEAUT32.dll
0x000007fefef30000 - 0x000007feff133000 	C:\Windows\system32\ole32.dll
0x000007fefd1d0000 - 0x000007fefd1ea000 	C:\Windows\system32\DEVOBJ.dll
0x000007fef8c20000 - 0x000007fef8c42000 	C:\Program Files\NVIDIA Corporation\CoProcManager\nvdxgiwrapx.dll
0x000000006e8b0000 - 0x000000006e982000 	C:\Program Files\Java\jdk1.8.0_20\jre\bin\msvcr100.dll
0x000000005fcb0000 - 0x0000000060508000 	C:\Program Files\Java\jdk1.8.0_20\jre\bin\server\jvm.dll
0x000007fef9d30000 - 0x000007fef9d39000 	C:\Windows\system32\WSOCK32.dll
0x000007fefe360000 - 0x000007fefe3ad000 	C:\Windows\system32\WS2_32.dll
0x000007feff3c0000 - 0x000007feff3c8000 	C:\Windows\system32\NSI.dll
0x000007fef8c60000 - 0x000007fef8c9b000 	C:\Windows\system32\WINMM.dll
0x00000000773b0000 - 0x00000000773b7000 	C:\Windows\system32\PSAPI.DLL
0x00000000738d0000 - 0x00000000738df000 	C:\Program Files\Java\jdk1.8.0_20\jre\bin\verify.dll
0x00000000738a0000 - 0x00000000738c8000 	C:\Program Files\Java\jdk1.8.0_20\jre\bin\java.dll
0x0000000073880000 - 0x0000000073896000 	C:\Program Files\Java\jdk1.8.0_20\jre\bin\zip.dll
0x000007fefd4f0000 - 0x000007fefe278000 	C:\Windows\system32\SHELL32.dll
0x000007fefcfa0000 - 0x000007fefcfaf000 	C:\Windows\system32\profapi.dll
0x000007fefc7f0000 - 0x000007fefc807000 	C:\Windows\system32\CRYPTSP.dll
0x000007fefc4f0000 - 0x000007fefc537000 	C:\Windows\system32\rsaenh.dll
0x000007fefc2b0000 - 0x000007fefc2ce000 	C:\Windows\system32\USERENV.dll
0x000007fefce50000 - 0x000007fefce5f000 	C:\Windows\system32\CRYPTBASE.dll
0x0000000070af0000 - 0x0000000070b0a000 	C:\Program Files\Java\jdk1.8.0_20\jre\bin\net.dll
0x000007fefc790000 - 0x000007fefc7e5000 	C:\Windows\system32\mswsock.dll
0x000007fefc780000 - 0x000007fefc787000 	C:\Windows\System32\wship6.dll
0x000007fef8710000 - 0x000007fef8737000 	C:\Windows\system32\IPHLPAPI.DLL
0x000007fef86c0000 - 0x000007fef86cb000 	C:\Windows\system32\WINNSI.DLL
0x000007fef9d70000 - 0x000007fef9d88000 	C:\Windows\system32\dhcpcsvc.DLL
0x000007fef9d50000 - 0x000007fef9d61000 	C:\Windows\system32\dhcpcsvc6.DLL
0x0000000070ad0000 - 0x0000000070ae1000 	C:\Program Files\Java\jdk1.8.0_20\jre\bin\nio.dll
0x000007fef2c70000 - 0x000007fef2c82000 	C:\Users\Admin\AppData\Local\Temp\native-platform4437111578186454996dir\native-platform.dll
0x000007fefcdf0000 - 0x000007fefce47000 	C:\Windows\system32\apphelp.dll

VM Arguments:
jvm_args: -XX:MaxPermSize=256m -XX:+HeapDumpOnOutOfMemoryError -Xmx1024m -Dfile.encoding=windows-1251 
java_command: org.gradle.launcher.daemon.bootstrap.GradleDaemon 1.12 C:\Users\Admin\.gradle\daemon 10800000 abff3a79-219a-4d1f-9c9e-b0049ca420e5 -XX:MaxPermSize=256m -XX:+HeapDumpOnOutOfMemoryError -Xmx1024m -Dfile.encoding=windows-1251
java_class_path (initial): C:\Users\Admin\.gradle\wrapper\dists\gradle-1.12-all\2apkk7d25miauqf1pdjp1bm0uo\gradle-1.12\lib\gradle-launcher-1.12.jar
Launcher Type: SUN_STANDARD

Environment Variables:
JAVA_HOME=C:\Program Files\Java\jdk1.8.0_20
PATH=C:\ProgramData\Oracle\Java\javapath;C:\Program Files (x86)\NVIDIA Corporation\PhysX\Common;C:\Program Files (x86)\Intel\iCLS Client\;C:\Program Files\Intel\iCLS Client\;C:\Windows\system32;C:\Windows;C:\Windows\System32\Wbem;C:\Windows\System32\WindowsPowerShell\v1.0\;C:\Program Files (x86)\Intel\OpenCL SDK\2.0\bin\x86;C:\Program Files (x86)\Intel\OpenCL SDK\2.0\bin\x64;C:\Program Files\Intel\Intel(R) Management Engine Components\DAL;C:\Program Files\Intel\Intel(R) Management Engine Components\IPT;C:\Program Files (x86)\Intel\Intel(R) Management Engine Components\DAL;C:\Program Files (x86)\Intel\Intel(R) Management Engine Components\IPT
USERNAME=Admin
OS=Windows_NT
PROCESSOR_IDENTIFIER=Intel64 Family 6 Model 58 Stepping 9, GenuineIntel



---------------  S Y S T E M  ---------------

OS: Windows 7 , 64 bit Build 7601 Service Pack 1

CPU:total 4 (2 cores per cpu, 2 threads per core) family 6 model 58 stepping 9, cmov, cx8, fxsr, mmx, sse, sse2, sse3, ssse3, sse4.1, sse4.2, popcnt, avx, clmul, erms, ht, tsc, tscinvbit, tscinv

Memory: 4k page, physical 4077464k(834016k free), swap 4075600k(5060k free)

vm_info: Java HotSpot(TM) 64-Bit Server VM (25.20-b23) for windows-amd64 JRE (1.8.0_20-b26), built on Jul 30 2014 13:51:23 by "java_re" with MS VC++ 10.0 (VS2010)

time: Wed Aug 27 18:49:55 2014
elapsed time: 3 seconds (0d 0h 0m 3s)

