#
# There is insufficient memory for the Java Runtime Environment to continue.
# Native memory allocation (malloc) failed to allocate 1632096 bytes for Chunk::new
# Possible reasons:
#   The system is out of physical RAM or swap space
#   In 32 bit mode, the process size limit was hit
# Possible solutions:
#   Reduce memory load on the system
#   Increase physical memory or swap space
#   Check if swap backing store is full
#   Use 64 bit Java on a 64 bit OS
#   Decrease Java heap size (-Xmx/-Xms)
#   Decrease number of Java threads
#   Decrease Java thread stack sizes (-Xss)
#   Set larger code cache with -XX:ReservedCodeCacheSize=
# This output file may be truncated or incomplete.
#
#  Out of Memory Error (allocation.cpp:390), pid=2228, tid=6720
#
# JRE version: Java(TM) SE Runtime Environment (8.0_20-b26) (build 1.8.0_20-b26)
# Java VM: Java HotSpot(TM) 64-Bit Server VM (25.20-b23 mixed mode windows-amd64 compressed oops)
# Failed to write core dump. Minidumps are not enabled by default on client versions of Windows
#

---------------  T H R E A D  ---------------

Current thread (0x0000000006337800):  JavaThread "C2 CompilerThread1" daemon [_thread_in_native, id=6720, stack(0x0000000007be0000,0x0000000007ce0000)]

Stack: [0x0000000007be0000,0x0000000007ce0000]
[error occurred during error reporting (printing stack bounds), id 0xc0000005]

Native frames: (J=compiled Java code, j=interpreted, Vv=VM code, C=native code)
V  [jvm.dll+0x3152fa]
V  [jvm.dll+0x265d03]
V  [jvm.dll+0x266943]
V  [jvm.dll+0x27f586]
V  [jvm.dll+0x28311c]
V  [jvm.dll+0x5ad52f]
C  [msvcr100.dll+0x712e3]
V  [jvm.dll+0x5acc2d]
C  [ntdll.dll+0x29d2d]
C  [ntdll.dll+0x191cf]
C  [ntdll.dll+0x51248]
V  [jvm.dll+0x205611]


Current CompileTask:
C2:   4534 1504       4      
[error occurred during error reporting (printing current compile task), id 0xe0000001]


---------------  P R O C E S S  ---------------

Java Threads: ( => current thread )
  0x0000000008ed8000 JavaThread "Stdin handler" [_thread_blocked, id=5524, stack(0x000000000a420000,0x000000000a520000)]
  0x0000000008e91800 JavaThread "Handler for socket connection at /127.0.0.1:53200 with /127.0.0.1:53202" [_thread_in_native, id=3136, stack(0x000000000a140000,0x000000000a240000)]
  0x0000000008e90800 JavaThread "Daemon" [_thread_in_vm, id=6836, stack(0x000000000a290000,0x000000000a390000)]
  0x0000000008c1c800 JavaThread "Incoming local TCP Connector on port 53200" [_thread_in_native, id=6928, stack(0x0000000009da0000,0x0000000009ea0000)]
  0x0000000007d55800 JavaThread "Service Thread" daemon [_thread_blocked, id=7056, stack(0x0000000008260000,0x0000000008360000)]
  0x0000000007ce0800 JavaThread "C1 CompilerThread2" daemon [_thread_blocked, id=2064, stack(0x0000000008160000,0x0000000008260000)]
=>0x0000000006337800 JavaThread "C2 CompilerThread1" daemon [_thread_in_native, id=6720, stack(0x0000000007be0000,0x0000000007ce0000)]
  0x0000000006330000 JavaThread "C2 CompilerThread0" daemon [_thread_blocked, id=4720, stack(0x0000000007220000,0x0000000007320000)]
  0x000000000633e800 JavaThread "Attach Listener" daemon [_thread_blocked, id=7108, stack(0x0000000007a00000,0x0000000007b00000)]
  0x000000000633d800 JavaThread "Signal Dispatcher" daemon [_thread_blocked, id=4884, stack(0x0000000007840000,0x0000000007940000)]
  0x00000000062d5800 JavaThread "Finalizer" daemon [_thread_blocked, id=6488, stack(0x0000000007700000,0x0000000007800000)]
  0x00000000062cc800 JavaThread "Reference Handler" daemon [_thread_blocked, id=3984, stack(0x00000000075c0000,0x00000000076c0000)]
  0x00000000024af000 JavaThread "main" [_thread_blocked, id=5236, stack(0x0000000002850000,0x0000000002950000)]

Other Threads:
  0x00000000062c7000 VMThread [stack: 0x0000000007330000,0x0000000007430000] [id=5040]
  0x0000000007d71000 WatcherThread [stack: 0x0000000007450000,0x0000000007550000] [id=6700]

VM state:not at safepoint (normal execution)

VM Mutex/Monitor currently owned by a thread: None

Heap:
 PSYoungGen      total 35328K, used 17489K [0x00000000eab00000, 0x00000000ed000000, 0x0000000100000000)
  eden space 32768K, 53% used [0x00000000eab00000,0x00000000ebc14550,0x00000000ecb00000)
  from space 2560K, 0% used [0x00000000ecd80000,0x00000000ecd80000,0x00000000ed000000)
  to   space 2560K, 0% used [0x00000000ecb00000,0x00000000ecb00000,0x00000000ecd80000)
 ParOldGen       total 33280K, used 5612K [0x00000000c0000000, 0x00000000c2080000, 0x00000000eab00000)
  object space 33280K, 16% used [0x00000000c0000000,0x00000000c057b1d8,0x00000000c2080000)
 Metaspace       used 15795K, capacity 16120K, committed 16384K, reserved 1064960K
  class space    used 2123K, capacity 2232K, committed 2304K, reserved 1048576K

Card table byte_map: [0x0000000002d10000,0x0000000002f20000] byte_map_base: 0x0000000002710000

Marking Bits: (ParMarkBitMap*) 0x000000006048b460
 Begin Bits: [0x0000000003740000, 0x0000000004740000)
 End Bits:   [0x0000000004740000, 0x0000000005740000)

Polling page: 0x0000000000330000

CodeCache: size=245760Kb used=5059Kb max_used=5066Kb free=240700Kb
 bounds [0x000000000f010000, 0x000000000f510000, 0x000000001e010000]
 total_blobs=1863 nmethods=1506 adapters=270
 compilation: enabled

Compilation events (10 events):
Event: 4.358 Thread 0x0000000007ce0800 nmethod 1502 0x000000000f4f8c10 code [0x000000000f4f8dc0, 0x000000000f4f9258]
Event: 4.387 Thread 0x0000000006330000 1503   !   4       java.net.URLClassLoader::findClass (29 bytes)
Event: 4.387 Thread 0x0000000006337800 1504       4       java.net.URLClassLoader$1::run (5 bytes)
Event: 4.389 Thread 0x0000000006330000 nmethod 1503 0x000000000f4f8790 code [0x000000000f4f8900, 0x000000000f4f8a68]
Event: 4.410 Thread 0x0000000007ce0800 1505       1       java.util.Hashtable$Entry::getValue (5 bytes)
Event: 4.411 Thread 0x0000000007ce0800 nmethod 1505 0x000000000f4e6dd0 code [0x000000000f4e6f20, 0x000000000f4e7030]
Event: 4.411 Thread 0x0000000007ce0800 1506       3       java.util.Hashtable$Enumerator::nextElement (111 bytes)
Event: 4.411 Thread 0x0000000007ce0800 nmethod 1506 0x000000000f4f7fd0 code [0x000000000f4f8160, 0x000000000f4f85a8]
Event: 4.411 Thread 0x0000000007ce0800 1507       3       java.util.Hashtable$Enumerator::hasNext (5 bytes)
Event: 4.412 Thread 0x0000000007ce0800 nmethod 1507 0x000000000f4f7c10 code [0x000000000f4f7d80, 0x000000000f4f7f28]

GC Heap History (10 events):
Event: 0.997 GC heap before
{Heap before GC invocations=1 (full 0):
 PSYoungGen      total 18944K, used 16384K [0x00000000eab00000, 0x00000000ec000000, 0x0000000100000000)
  eden space 16384K, 100% used [0x00000000eab00000,0x00000000ebb00000,0x00000000ebb00000)
  from space 2560K, 0% used [0x00000000ebd80000,0x00000000ebd80000,0x00000000ec000000)
  to   space 2560K, 0% used [0x00000000ebb00000,0x00000000ebb00000,0x00000000ebd80000)
 ParOldGen       total 44032K, used 0K [0x00000000c0000000, 0x00000000c2b00000, 0x00000000eab00000)
  object space 44032K, 0% used [0x00000000c0000000,0x00000000c0000000,0x00000000c2b00000)
 Metaspace       used 5986K, capacity 6132K, committed 6272K, reserved 1056768K
  class space    used 766K, capacity 828K, committed 896K, reserved 1048576K
Event: 1.025 GC heap after
Heap after GC invocations=1 (full 0):
 PSYoungGen      total 18944K, used 2531K [0x00000000eab00000, 0x00000000ed000000, 0x0000000100000000)
  eden space 16384K, 0% used [0x00000000eab00000,0x00000000eab00000,0x00000000ebb00000)
  from space 2560K, 98% used [0x00000000ebb00000,0x00000000ebd78f10,0x00000000ebd80000)
  to   space 2560K, 0% used [0x00000000ecd80000,0x00000000ecd80000,0x00000000ed000000)
 ParOldGen       total 44032K, used 700K [0x00000000c0000000, 0x00000000c2b00000, 0x00000000eab00000)
  object space 44032K, 1% used [0x00000000c0000000,0x00000000c00af268,0x00000000c2b00000)
 Metaspace       used 5986K, capacity 6132K, committed 6272K, reserved 1056768K
  class space    used 766K, capacity 828K, committed 896K, reserved 1048576K
}
Event: 2.071 GC heap before
{Heap before GC invocations=2 (full 0):
 PSYoungGen      total 18944K, used 18915K [0x00000000eab00000, 0x00000000ed000000, 0x0000000100000000)
  eden space 16384K, 100% used [0x00000000eab00000,0x00000000ebb00000,0x00000000ebb00000)
  from space 2560K, 98% used [0x00000000ebb00000,0x00000000ebd78f10,0x00000000ebd80000)
  to   space 2560K, 0% used [0x00000000ecd80000,0x00000000ecd80000,0x00000000ed000000)
 ParOldGen       total 44032K, used 700K [0x00000000c0000000, 0x00000000c2b00000, 0x00000000eab00000)
  object space 44032K, 1% used [0x00000000c0000000,0x00000000c00af268,0x00000000c2b00000)
 Metaspace       used 7662K, capacity 7902K, committed 8064K, reserved 1056768K
  class space    used 998K, capacity 1097K, committed 1152K, reserved 1048576K
Event: 2.079 GC heap after
Heap after GC invocations=2 (full 0):
 PSYoungGen      total 35328K, used 2532K [0x00000000eab00000, 0x00000000ed000000, 0x0000000100000000)
  eden space 32768K, 0% used [0x00000000eab00000,0x00000000eab00000,0x00000000ecb00000)
  from space 2560K, 98% used [0x00000000ecd80000,0x00000000ecff9080,0x00000000ed000000)
  to   space 2560K, 0% used [0x00000000ecb00000,0x00000000ecb00000,0x00000000ecd80000)
 ParOldGen       total 44032K, used 1540K [0x00000000c0000000, 0x00000000c2b00000, 0x00000000eab00000)
  object space 44032K, 3% used [0x00000000c0000000,0x00000000c0181358,0x00000000c2b00000)
 Metaspace       used 7662K, capacity 7902K, committed 8064K, reserved 1056768K
  class space    used 998K, capacity 1097K, committed 1152K, reserved 1048576K
}
Event: 3.516 GC heap before
{Heap before GC invocations=3 (full 0):
 PSYoungGen      total 35328K, used 35300K [0x00000000eab00000, 0x00000000ed000000, 0x0000000100000000)
  eden space 32768K, 100% used [0x00000000eab00000,0x00000000ecb00000,0x00000000ecb00000)
  from space 2560K, 98% used [0x00000000ecd80000,0x00000000ecff9080,0x00000000ed000000)
  to   space 2560K, 0% used [0x00000000ecb00000,0x00000000ecb00000,0x00000000ecd80000)
 ParOldGen       total 44032K, used 1540K [0x00000000c0000000, 0x00000000c2b00000, 0x00000000eab00000)
  object space 44032K, 3% used [0x00000000c0000000,0x00000000c0181358,0x00000000c2b00000)
 Metaspace       used 11720K, capacity 12136K, committed 12288K, reserved 1060864K
  class space    used 1574K, capacity 1718K, committed 1792K, reserved 1048576K
Event: 3.527 GC heap after
Heap after GC invocations=3 (full 0):
 PSYoungGen      total 35328K, used 2544K [0x00000000eab00000, 0x00000000ed000000, 0x0000000100000000)
  eden space 32768K, 0% used [0x00000000eab00000,0x00000000eab00000,0x00000000ecb00000)
  from space 2560K, 99% used [0x00000000ecb00000,0x00000000ecd7c030,0x00000000ecd80000)
  to   space 2560K, 0% used [0x00000000ecd80000,0x00000000ecd80000,0x00000000ed000000)
 ParOldGen       total 44032K, used 5023K [0x00000000c0000000, 0x00000000c2b00000, 0x00000000eab00000)
  object space 44032K, 11% used [0x00000000c0000000,0x00000000c04e7fb0,0x00000000c2b00000)
 Metaspace       used 11720K, capacity 12136K, committed 12288K, reserved 1060864K
  class space    used 1574K, capacity 1718K, committed 1792K, reserved 1048576K
}
Event: 4.048 GC heap before
{Heap before GC invocations=4 (full 0):
 PSYoungGen      total 35328K, used 15072K [0x00000000eab00000, 0x00000000ed000000, 0x0000000100000000)
  eden space 32768K, 38% used [0x00000000eab00000,0x00000000eb73bfe8,0x00000000ecb00000)
  from space 2560K, 99% used [0x00000000ecb00000,0x00000000ecd7c030,0x00000000ecd80000)
  to   space 2560K, 0% used [0x00000000ecd80000,0x00000000ecd80000,0x00000000ed000000)
 ParOldGen       total 44032K, used 5023K [0x00000000c0000000, 0x00000000c2b00000, 0x00000000eab00000)
  object space 44032K, 11% used [0x00000000c0000000,0x00000000c04e7fb0,0x00000000c2b00000)
 Metaspace       used 14525K, capacity 14856K, committed 14976K, reserved 1067008K
  class space    used 1951K, capacity 2070K, committed 2176K, reserved 1048576K
Event: 4.055 GC heap after
Heap after GC invocations=4 (full 0):
 PSYoungGen      total 35328K, used 2544K [0x00000000eab00000, 0x00000000ed000000, 0x0000000100000000)
  eden space 32768K, 0% used [0x00000000eab00000,0x00000000eab00000,0x00000000ecb00000)
  from space 2560K, 99% used [0x00000000ecd80000,0x00000000ecffc010,0x00000000ed000000)
  to   space 2560K, 0% used [0x00000000ecb00000,0x00000000ecb00000,0x00000000ecd80000)
 ParOldGen       total 44032K, used 7611K [0x00000000c0000000, 0x00000000c2b00000, 0x00000000eab00000)
  object space 44032K, 17% used [0x00000000c0000000,0x00000000c076ed78,0x00000000c2b00000)
 Metaspace       used 14525K, capacity 14856K, committed 14976K, reserved 1067008K
  class space    used 1951K, capacity 2070K, committed 2176K, reserved 1048576K
}
Event: 4.055 GC heap before
{Heap before GC invocations=5 (full 1):
 PSYoungGen      total 35328K, used 2544K [0x00000000eab00000, 0x00000000ed000000, 0x0000000100000000)
  eden space 32768K, 0% used [0x00000000eab00000,0x00000000eab00000,0x00000000ecb00000)
  from space 2560K, 99% used [0x00000000ecd80000,0x00000000ecffc010,0x00000000ed000000)
  to   space 2560K, 0% used [0x00000000ecb00000,0x00000000ecb00000,0x00000000ecd80000)
 ParOldGen       total 44032K, used 7611K [0x00000000c0000000, 0x00000000c2b00000, 0x00000000eab00000)
  object space 44032K, 17% used [0x00000000c0000000,0x00000000c076ed78,0x00000000c2b00000)
 Metaspace       used 14525K, capacity 14856K, committed 14976K, reserved 1067008K
  class space    used 1951K, capacity 2070K, committed 2176K, reserved 1048576K
Event: 4.094 GC heap after
Heap after GC invocations=5 (full 1):
 PSYoungGen      total 35328K, used 0K [0x00000000eab00000, 0x00000000ed000000, 0x0000000100000000)
  eden space 32768K, 0% used [0x00000000eab00000,0x00000000eab00000,0x00000000ecb00000)
  from space 2560K, 0% used [0x00000000ecd80000,0x00000000ecd80000,0x00000000ed000000)
  to   space 2560K, 0% used [0x00000000ecb00000,0x00000000ecb00000,0x00000000ecd80000)
 ParOldGen       total 33280K, used 5612K [0x00000000c0000000, 0x00000000c2080000, 0x00000000eab00000)
  object space 33280K, 16% used [0x00000000c0000000,0x00000000c057b1d8,0x00000000c2080000)
 Metaspace       used 14524K, capacity 14854K, committed 14976K, reserved 1064960K
  class space    used 1950K, capacity 2069K, committed 2176K, reserved 1048576K
}

Deoptimization events (10 events):
Event: 3.270 Thread 0x0000000008e90800 Uncommon trap: reason=class_check action=maybe_recompile pc=0x000000000f27ab44 method=java.util.regex.Matcher.match(II)Z @ 86
Event: 3.270 Thread 0x0000000008e90800 Uncommon trap: reason=class_check action=maybe_recompile pc=0x000000000f27ab44 method=java.util.regex.Matcher.match(II)Z @ 86
Event: 3.933 Thread 0x0000000008e90800 Uncommon trap: reason=class_check action=maybe_recompile pc=0x000000000f40fa10 method=java.util.HashMap.putVal(ILjava/lang/Object;Ljava/lang/Object;ZZ)Ljava/lang/Object; @ 203
Event: 4.141 Thread 0x0000000008e90800 Uncommon trap: reason=class_check action=maybe_recompile pc=0x000000000f40fa10 method=java.util.HashMap.putVal(ILjava/lang/Object;Ljava/lang/Object;ZZ)Ljava/lang/Object; @ 203
Event: 4.143 Thread 0x0000000008e90800 Uncommon trap: reason=class_check action=maybe_recompile pc=0x000000000f40fa10 method=java.util.HashMap.putVal(ILjava/lang/Object;Ljava/lang/Object;ZZ)Ljava/lang/Object; @ 203
Event: 4.143 Thread 0x0000000008e90800 Uncommon trap: reason=class_check action=maybe_recompile pc=0x000000000f40fa10 method=java.util.HashMap.putVal(ILjava/lang/Object;Ljava/lang/Object;ZZ)Ljava/lang/Object; @ 203
Event: 4.162 Thread 0x0000000008e90800 Uncommon trap: reason=class_check action=maybe_recompile pc=0x000000000f4b5228 method=org.gradle.internal.service.DefaultServiceRegistry$SingletonService.getService(Lorg/gradle/internal/service/DefaultServiceRegistry$LookupContext;Lorg/gradle/internal/serv
Event: 4.162 Thread 0x0000000008e90800 Uncommon trap: reason=class_check action=maybe_recompile pc=0x000000000f4b5228 method=org.gradle.internal.service.DefaultServiceRegistry$SingletonService.getService(Lorg/gradle/internal/service/DefaultServiceRegistry$LookupContext;Lorg/gradle/internal/serv^⁄Õù≈•@
Event: 4.162 Thread 0x0000000008e90800 Uncommon trap: reason=class_check action=maybe_recompile pc=0x000000000f4b5228 method=org.gradle.internal.service.DefaultServiceRegistry$SingletonService.getService(Lorg/gradle/internal/service/DefaultServiceRegistry$LookupContext;Lorg/gradle/internal/serv»∞ •@
Event: 4.162 Thread 0x0000000008e90800 Uncommon trap: reason=class_check action=maybe_recompile pc=0x000000000f4b5228 method=org.gradle.internal.service.DefaultServiceRegistry$SingletonService.getService(Lorg/gradle/internal/service/DefaultServiceRegistry$LookupContext;Lorg/gradle/internal/serv‚+ß	(
@

Internal exceptions (10 events):
Event: 4.430 Thread 0x0000000008e90800 Exception <a 'java/security/PrivilegedActionException'> (0x00000000ebb84480) thrown at [D:\re\workspace\8-2-build-windows-amd64-cygwin\jdk8u20\1074\hotspot\src\share\vm\prims\jvm.cpp, line 1275]
Event: 4.431 Thread 0x0000000008e90800 Exception <a 'java/security/PrivilegedActionException'> (0x00000000ebb89720) thrown at [D:\re\workspace\8-2-build-windows-amd64-cygwin\jdk8u20\1074\hotspot\src\share\vm\prims\jvm.cpp, line 1275]
Event: 4.431 Thread 0x0000000008e90800 Exception <a 'java/security/PrivilegedActionException'> (0x00000000ebb8a998) thrown at [D:\re\workspace\8-2-build-windows-amd64-cygwin\jdk8u20\1074\hotspot\src\share\vm\prims\jvm.cpp, line 1275]
Event: 4.431 Thread 0x0000000008e90800 Exception <a 'java/security/PrivilegedActionException'> (0x00000000ebb93ba0) thrown at [D:\re\workspace\8-2-build-windows-amd64-cygwin\jdk8u20\1074\hotspot\src\share\vm\prims\jvm.cpp, line 1275]
Event: 4.431 Thread 0x0000000008e90800 Exception <a 'java/security/PrivilegedActionException'> (0x00000000ebb990e0) thrown at [D:\re\workspace\8-2-build-windows-amd64-cygwin\jdk8u20\1074\hotspot\src\share\vm\prims\jvm.cpp, line 1275]
Event: 4.431 Thread 0x0000000008e90800 Exception <a 'java/security/PrivilegedActionException'> (0x00000000ebb9a370) thrown at [D:\re\workspace\8-2-build-windows-amd64-cygwin\jdk8u20\1074\hotspot\src\share\vm\prims\jvm.cpp, line 1275]
Event: 4.432 Thread 0x0000000008e90800 Exception <a 'java/security/PrivilegedActionException'> (0x00000000ebba3780) thrown at [D:\re\workspace\8-2-build-windows-amd64-cygwin\jdk8u20\1074\hotspot\src\share\vm\prims\jvm.cpp, line 1275]
Event: 4.432 Thread 0x0000000008e90800 Exception <a 'java/security/PrivilegedActionException'> (0x00000000ebba9618) thrown at [D:\re\workspace\8-2-build-windows-amd64-cygwin\jdk8u20\1074\hotspot\src\share\vm\prims\jvm.cpp, line 1275]
Event: 4.432 Thread 0x0000000008e90800 Exception <a 'java/security/PrivilegedActionException'> (0x00000000ebbaa790) thrown at [D:\re\workspace\8-2-build-windows-amd64-cygwin\jdk8u20\1074\hotspot\src\share\vm\prims\jvm.cpp, line 1275]
Event: 4.432 Thread 0x0000000008e90800 Exception <a 'java/security/PrivilegedActionException'> (0x00000000ebbb21d8) thrown at [D:\re\workspace\8-2-build-windows-amd64-cygwin\jdk8u20\1074\hotspot\src\share\vm\prims\jvm.cpp, line 1275]

Events (10 events):
Event: 4.431 loading class org/gradle/mvn3/org/codehaus/plexus/interpolation/EnvarBasedValueSource
Event: 4.431 loading class org/gradle/mvn3/org/codehaus/plexus/interpolation/EnvarBasedValueSource done
Event: 4.431 loading class org/gradle/mvn3/org/codehaus/plexus/interpolation/os/OperatingSystemUtils
Event: 4.431 loading class org/gradle/mvn3/org/codehaus/plexus/interpolation/os/OperatingSystemUtils done
Event: 4.432 loading class org/gradle/mvn3/org/codehaus/plexus/interpolation/os/Os
Event: 4.432 loading class org/gradle/mvn3/org/codehaus/plexus/interpolation/os/Os done
Event: 4.433 loading class java/lang/ProcessBuilder
Event: 4.433 loading class java/lang/ProcessBuilder done
Event: 4.433 loading class java/lang/ProcessImpl
Event: 4.434 loading class java/lang/ProcessImpl done


Dynamic libraries:
0x000000013fa70000 - 0x000000013faa4000 	C:\Program Files\Java\jdk1.8.0_20\bin\java.exe
0x00000000771f0000 - 0x0000000077399000 	C:\Windows\SYSTEM32\ntdll.dll
0x0000000076fd0000 - 0x00000000770ef000 	C:\Windows\system32\kernel32.dll
0x000007fefd330000 - 0x000007fefd39b000 	C:\Windows\system32\KERNELBASE.dll
0x000007fefe650000 - 0x000007fefe72b000 	C:\Windows\system32\ADVAPI32.dll
0x000007feff320000 - 0x000007feff3bf000 	C:\Windows\system32\msvcrt.dll
0x000007feff3d0000 - 0x000007feff3ef000 	C:\Windows\SYSTEM32\sechost.dll
0x000007fefe8a0000 - 0x000007fefe9cd000 	C:\Windows\system32\RPCRT4.dll
0x00000000770f0000 - 0x00000000771ea000 	C:\Windows\system32\USER32.dll
0x000007fefd3d0000 - 0x000007fefd437000 	C:\Windows\system32\GDI32.dll
0x000007fefed20000 - 0x000007fefed2e000 	C:\Windows\system32\LPK.dll
0x000007fefe7d0000 - 0x000007fefe899000 	C:\Windows\system32\USP10.dll
0x000007fefb920000 - 0x000007fefbb14000 	C:\Windows\WinSxS\amd64_microsoft.windows.common-controls_6595b64144ccf1df_6.0.7601.17514_none_fa396087175ac9ac\COMCTL32.dll
0x000007fefd470000 - 0x000007fefd4e1000 	C:\Windows\system32\SHLWAPI.dll
0x000007fefd440000 - 0x000007fefd46e000 	C:\Windows\system32\IMM32.DLL
0x000007feff3f0000 - 0x000007feff4f9000 	C:\Windows\system32\MSCTF.dll
0x000007fefcf60000 - 0x000007fefcf91000 	C:\Windows\system32\nvinitx.dll
0x000000000f000000 - 0x000000000f006000 	C:\Program Files\NVIDIA Corporation\CoProcManager\detoured.dll
0x000007fef8ca0000 - 0x000007fef8ccd000 	C:\Program Files\NVIDIA Corporation\CoProcManager\nvd3d9wrapx.dll
0x000007feff140000 - 0x000007feff317000 	C:\Windows\system32\SETUPAPI.dll
0x000007fefd1f0000 - 0x000007fefd226000 	C:\Windows\system32\CFGMGR32.dll
0x000007fefe280000 - 0x000007fefe357000 	C:\Windows\system32\OLEAUT32.dll
0x000007fefef30000 - 0x000007feff133000 	C:\Windows\system32\ole32.dll
0x000007fefd1d0000 - 0x000007fefd1ea000 	C:\Windows\system32\DEVOBJ.dll
0x000007fef8c20000 - 0x000007fef8c42000 	C:\Program Files\NVIDIA Corporation\CoProcManager\nvdxgiwrapx.dll
0x000000006e8b0000 - 0x000000006e982000 	C:\Program Files\Java\jdk1.8.0_20\jre\bin\msvcr100.dll
0x000000005fcb0000 - 0x0000000060508000 	C:\Program Files\Java\jdk1.8.0_20\jre\bin\server\jvm.dll
0x000007fef9d30000 - 0x000007fef9d39000 	C:\Windows\system32\WSOCK32.dll
0x000007fefe360000 - 0x000007fefe3ad000 	C:\Windows\system32\WS2_32.dll
0x000007feff3c0000 - 0x000007feff3c8000 	C:\Windows\system32\NSI.dll
0x000007fef8c60000 - 0x000007fef8c9b000 	C:\Windows\system32\WINMM.dll
0x00000000773b0000 - 0x00000000773b7000 	C:\Windows\system32\PSAPI.DLL
0x00000000738d0000 - 0x00000000738df000 	C:\Program Files\Java\jdk1.8.0_20\jre\bin\verify.dll
0x00000000738a0000 - 0x00000000738c8000 	C:\Program Files\Java\jdk1.8.0_20\jre\bin\java.dll
0x0000000073880000 - 0x0000000073896000 	C:\Program Files\Java\jdk1.8.0_20\jre\bin\zip.dll
0x000007fefd4f0000 - 0x000007fefe278000 	C:\Windows\system32\SHELL32.dll
0x000007fefcfa0000 - 0x000007fefcfaf000 	C:\Windows\system32\profapi.dll
0x000007fefc7f0000 - 0x000007fefc807000 	C:\Windows\system32\CRYPTSP.dll
0x000007fefc4f0000 - 0x000007fefc537000 	C:\Windows\system32\rsaenh.dll
0x000007fefc2b0000 - 0x000007fefc2ce000 	C:\Windows\system32\USERENV.dll
0x000007fefce50000 - 0x000007fefce5f000 	C:\Windows\system32\CRYPTBASE.dll
0x0000000070af0000 - 0x0000000070b0a000 	C:\Program Files\Java\jdk1.8.0_20\jre\bin\net.dll
0x000007fefc790000 - 0x000007fefc7e5000 	C:\Windows\system32\mswsock.dll
0x000007fefc780000 - 0x000007fefc787000 	C:\Windows\System32\wship6.dll
0x000007fef8710000 - 0x000007fef8737000 	C:\Windows\system32\IPHLPAPI.DLL
0x000007fef86c0000 - 0x000007fef86cb000 	C:\Windows\system32\WINNSI.DLL
0x000007fef9d70000 - 0x000007fef9d88000 	C:\Windows\system32\dhcpcsvc.DLL
0x000007fef9d50000 - 0x000007fef9d61000 	C:\Windows\system32\dhcpcsvc6.DLL
0x0000000070ad0000 - 0x0000000070ae1000 	C:\Program Files\Java\jdk1.8.0_20\jre\bin\nio.dll
0x000007feecd80000 - 0x000007feecd92000 	C:\Users\Admin\AppData\Local\Temp\native-platform2075780450502898551dir\native-platform.dll
0x000007fefcdf0000 - 0x000007fefce47000 	C:\Windows\system32\apphelp.dll
0x000007fee9ac0000 - 0x000007fee9be5000 	C:\Windows\system32\dbghelp.dll

VM Arguments:
jvm_args: -XX:MaxPermSize=256m -XX:+HeapDumpOnOutOfMemoryError -Xmx1024m -Dfile.encoding=windows-1251 
java_command: org.gradle.launcher.daemon.bootstrap.GradleDaemon 1.12 C:\Users\Admin\.gradle\daemon 10800000 438e0b82-5fe4-4bac-93e4-2ceb941e44dc -XX:MaxPermSize=256m -XX:+HeapDumpOnOutOfMemoryError -Xmx1024m -Dfile.encoding=windows-1251
java_class_path (initial): C:\Users\Admin\.gradle\wrapper\dists\gradle-1.12-all\2apkk7d25miauqf1pdjp1bm0uo\gradle-1.12\lib\gradle-launcher-1.12.jar
Launcher Type: SUN_STANDARD

Environment Variables:
JAVA_HOME=C:\Program Files\Java\jdk1.8.0_20
PATH=C:\ProgramData\Oracle\Java\javapath;C:\Program Files (x86)\NVIDIA Corporation\PhysX\Common;C:\Program Files (x86)\Intel\iCLS Client\;C:\Program Files\Intel\iCLS Client\;C:\Windows\system32;C:\Windows;C:\Windows\System32\Wbem;C:\Windows\System32\WindowsPowerShell\v1.0\;C:\Program Files (x86)\Intel\OpenCL SDK\2.0\bin\x86;C:\Program Files (x86)\Intel\OpenCL SDK\2.0\bin\x64;C:\Program Files\Intel\Intel(R) Management Engine Components\DAL;C:\Program Files\Intel\Intel(R) Management Engine Components\IPT;C:\Program Files (x86)\Intel\Intel(R) Management Engine Components\DAL;C:\Program Files (x86)\Intel\Intel(R) Management Engine Components\IPT
USERNAME=Admin
OS=Windows_NT
PROCESSOR_IDENTIFIER=Intel64 Family 6 Model 58 Stepping 9, GenuineIntel



---------------  S Y S T E M  ---------------

OS: Windows 7 , 64 bit Build 7601 Service Pack 1

CPU:total 4 (2 cores per cpu, 2 threads per core) family 6 model 58 stepping 9, cmov, cx8, fxsr, mmx, sse, sse2, sse3, ssse3, sse4.1, sse4.2, popcnt, avx, clmul, erms, ht, tsc, tscinvbit, tscinv

Memory: 4k page, physical 4077464k(852140k free), swap 4075600k(4968k free)

vm_info: Java HotSpot(TM) 64-Bit Server VM (25.20-b23) for windows-amd64 JRE (1.8.0_20-b26), built on Jul 30 2014 13:51:23 by "java_re" with MS VC++ 10.0 (VS2010)

time: Wed Aug 27 18:47:04 2014
elapsed time: 4 seconds (0d 0h 0m 4s)

