#
# There is insufficient memory for the Java Runtime Environment to continue.
# Native memory allocation (malloc) failed to allocate 1048576 bytes for AllocateHeap
# Possible reasons:
#   The system is out of physical RAM or swap space
#   In 32 bit mode, the process size limit was hit
# Possible solutions:
#   Reduce memory load on the system
#   Increase physical memory or swap space
#   Check if swap backing store is full
#   Use 64 bit Java on a 64 bit OS
#   Decrease Java heap size (-Xmx/-Xms)
#   Decrease number of Java threads
#   Decrease Java thread stack sizes (-Xss)
#   Set larger code cache with -XX:ReservedCodeCacheSize=
# This output file may be truncated or incomplete.
#
#  Out of Memory Error (memory/allocation.inline.hpp:62), pid=1240, tid=4852
#
# JRE version:  (8.0_20-b26) (build )
# Java VM: Java HotSpot(TM) 64-Bit Server VM (25.20-b23 mixed mode windows-amd64 compressed oops)
# Failed to write core dump. Minidumps are not enabled by default on client versions of Windows
#

---------------  T H R E A D  ---------------

Current thread (0x000000000039e000):  JavaThread "Unknown thread" [_thread_in_vm, id=4852, stack(0x0000000002660000,0x0000000002760000)]

Stack: [0x0000000002660000,0x0000000002760000]
[error occurred during error reporting (printing stack bounds), id 0xc0000005]

Native frames: (J=compiled Java code, j=interpreted, Vv=VM code, C=native code)
V  [jvm.dll+0x3152fa]


---------------  P R O C E S S  ---------------

Java Threads: ( => current thread )

Other Threads:

=>0x000000000039e000 (exited) JavaThread "Unknown thread" [_thread_in_vm, id=4852, stack(0x0000000002660000,0x0000000002760000)]

VM state:not at safepoint (normal execution)

VM Mutex/Monitor currently owned by a thread: None

Heap:
 PSYoungGen      total 18944K, used 327K [0x00000000eb400000, 0x00000000ec900000, 0x0000000100000000)
  eden space 16384K, 2% used [0x00000000eb400000,0x00000000eb451ec8,0x00000000ec400000)
  from space 2560K, 0% used [0x00000000ec680000,0x00000000ec680000,0x00000000ec900000)
  to   space 2560K, 0% used [0x00000000ec400000,0x00000000ec400000,0x00000000ec680000)
 ParOldGen       total 44032K, used 0K [0x00000000c1c00000, 0x00000000c4700000, 0x00000000eb400000)
  object space 44032K, 0% used [0x00000000c1c00000,0x00000000c1c00000,0x00000000c4700000)
 Metaspace       used 654K, capacity 4480K, committed 4480K, reserved 1056768K
  class space    used 66K, capacity 384K, committed 384K, reserved 1048576K

Card table byte_map: [0x0000000002b20000,0x0000000002d20000] byte_map_base: 0x0000000002512000

Marking Bits: (ParMarkBitMap*) 0x000000006454b460
 Begin Bits: [0x0000000003410000, 0x00000000043a0000)
 End Bits:   [0x00000000043a0000, 0x0000000005330000)

Polling page: 0x0000000000340000

CodeCache: size=245760Kb used=327Kb max_used=327Kb free=245432Kb
 bounds [0x000000000f010000, 0x000000000f280000, 0x000000001e010000]
 total_blobs=56 nmethods=0 adapters=37
 compilation: enabled

Compilation events (0 events):
No events

GC Heap History (0 events):
No events

Deoptimization events (0 events):
No events

Internal exceptions (0 events):
No events

Events (10 events):
Event: 0.652 loading class java/lang/Short
Event: 0.652 loading class java/lang/Short done
Event: 0.652 loading class java/lang/Integer
Event: 0.653 loading class java/lang/Integer done
Event: 0.653 loading class java/lang/Long
Event: 0.653 loading class java/lang/Long done
Event: 0.665 loading class java/lang/NullPointerException
Event: 0.665 loading class java/lang/NullPointerException done
Event: 0.665 loading class java/lang/ArithmeticException
Event: 0.665 loading class java/lang/ArithmeticException done


Dynamic libraries:
0x000000013f540000 - 0x000000013f574000 	C:\Program Files\Java\jre1.8.0_20\bin\java.exe
0x00000000770e0000 - 0x0000000077289000 	C:\Windows\SYSTEM32\ntdll.dll
0x0000000076fc0000 - 0x00000000770df000 	C:\Windows\system32\kernel32.dll
0x000007fefcf50000 - 0x000007fefcfbb000 	C:\Windows\system32\KERNELBASE.dll
0x000007feff130000 - 0x000007feff20b000 	C:\Windows\system32\ADVAPI32.dll
0x000007feff030000 - 0x000007feff0cf000 	C:\Windows\system32\msvcrt.dll
0x000007fefed60000 - 0x000007fefed7f000 	C:\Windows\SYSTEM32\sechost.dll
0x000007fefde80000 - 0x000007fefdfad000 	C:\Windows\system32\RPCRT4.dll
0x0000000076ec0000 - 0x0000000076fba000 	C:\Windows\system32\USER32.dll
0x000007fefefc0000 - 0x000007feff027000 	C:\Windows\system32\GDI32.dll
0x000007fefd2c0000 - 0x000007fefd2ce000 	C:\Windows\system32\LPK.dll
0x000007fefd300000 - 0x000007fefd3c9000 	C:\Windows\system32\USP10.dll
0x000007fefb810000 - 0x000007fefba04000 	C:\Windows\WinSxS\amd64_microsoft.windows.common-controls_6595b64144ccf1df_6.0.7601.17514_none_fa396087175ac9ac\COMCTL32.dll
0x000007fefde00000 - 0x000007fefde71000 	C:\Windows\system32\SHLWAPI.dll
0x000007fefd2d0000 - 0x000007fefd2fe000 	C:\Windows\system32\IMM32.DLL
0x000007fefd3d0000 - 0x000007fefd4d9000 	C:\Windows\system32\MSCTF.dll
0x000007fefce50000 - 0x000007fefce81000 	C:\Windows\system32\nvinitx.dll
0x000000000f000000 - 0x000000000f006000 	C:\Program Files\NVIDIA Corporation\CoProcManager\detoured.dll
0x000007fef95c0000 - 0x000007fef95ed000 	C:\Program Files\NVIDIA Corporation\CoProcManager\nvd3d9wrapx.dll
0x000007feff210000 - 0x000007feff3e7000 	C:\Windows\system32\SETUPAPI.dll
0x000007fefcfd0000 - 0x000007fefd006000 	C:\Windows\system32\CFGMGR32.dll
0x000007fefdc80000 - 0x000007fefdd57000 	C:\Windows\system32\OLEAUT32.dll
0x000007fefd950000 - 0x000007fefdb53000 	C:\Windows\system32\ole32.dll
0x000007fefd190000 - 0x000007fefd1aa000 	C:\Windows\system32\DEVOBJ.dll
0x000007fef9580000 - 0x000007fef95a2000 	C:\Program Files\NVIDIA Corporation\CoProcManager\nvdxgiwrapx.dll
0x000000006b010000 - 0x000000006b0e2000 	C:\Program Files\Java\jre1.8.0_20\bin\msvcr100.dll
0x0000000063d70000 - 0x00000000645c8000 	C:\Program Files\Java\jre1.8.0_20\bin\server\jvm.dll
0x000007fef1000000 - 0x000007fef1009000 	C:\Windows\system32\WSOCK32.dll
0x000007feff0e0000 - 0x000007feff12d000 	C:\Windows\system32\WS2_32.dll
0x000007feff0d0000 - 0x000007feff0d8000 	C:\Windows\system32\NSI.dll
0x000007fef95f0000 - 0x000007fef962b000 	C:\Windows\system32\WINMM.dll
0x00000000772a0000 - 0x00000000772a7000 	C:\Windows\system32\PSAPI.DLL
0x00000000705e0000 - 0x00000000705ef000 	C:\Program Files\Java\jre1.8.0_20\bin\verify.dll
0x000000006ead0000 - 0x000000006eaf8000 	C:\Program Files\Java\jre1.8.0_20\bin\java.dll
0x000000006fe60000 - 0x000000006fe76000 	C:\Program Files\Java\jre1.8.0_20\bin\zip.dll
0x000007fee4700000 - 0x000007fee4825000 	C:\Windows\system32\dbghelp.dll

VM Arguments:
java_command: <unknown>
java_class_path (initial): .
Launcher Type: SUN_STANDARD

Environment Variables:
JAVA_HOME=C:\Program Files\Java\jdk1.8.0_20
PATH=C:\ProgramData\Oracle\Java\javapath;C:\Program Files (x86)\NVIDIA Corporation\PhysX\Common;C:\Program Files (x86)\Intel\iCLS Client\;C:\Program Files\Intel\iCLS Client\;C:\Windows\system32;C:\Windows;C:\Windows\System32\Wbem;C:\Windows\System32\WindowsPowerShell\v1.0\;C:\Program Files (x86)\Intel\OpenCL SDK\2.0\bin\x86;C:\Program Files (x86)\Intel\OpenCL SDK\2.0\bin\x64;C:\Program Files\Intel\Intel(R) Management Engine Components\DAL;C:\Program Files\Intel\Intel(R) Management Engine Components\IPT;C:\Program Files (x86)\Intel\Intel(R) Management Engine Components\DAL;C:\Program Files (x86)\Intel\Intel(R) Management Engine Components\IPT
USERNAME=Admin
OS=Windows_NT
PROCESSOR_IDENTIFIER=Intel64 Family 6 Model 58 Stepping 9, GenuineIntel



---------------  S Y S T E M  ---------------

OS: Windows 7 , 64 bit Build 7601 Service Pack 1

CPU:total 4 (2 cores per cpu, 2 threads per core) family 6 model 58 stepping 9, cmov, cx8, fxsr, mmx, sse, sse2, sse3, ssse3, sse4.1, sse4.2, popcnt, avx, clmul, erms, ht, tsc, tscinvbit, tscinv

Memory: 4k page, physical 4077464k(654412k free), swap 4075600k(5072k free)

vm_info: Java HotSpot(TM) 64-Bit Server VM (25.20-b23) for windows-amd64 JRE (1.8.0_20-b26), built on Jul 30 2014 13:51:23 by "java_re" with MS VC++ 10.0 (VS2010)

time: Thu Aug 28 13:38:44 2014
elapsed time: 0 seconds (0d 0h 0m 0s)

