#
# There is insufficient memory for the Java Runtime Environment to continue.
# Native memory allocation (malloc) failed to allocate 1942416 bytes for Chunk::new
# Possible reasons:
#   The system is out of physical RAM or swap space
#   In 32 bit mode, the process size limit was hit
# Possible solutions:
#   Reduce memory load on the system
#   Increase physical memory or swap space
#   Check if swap backing store is full
#   Use 64 bit Java on a 64 bit OS
#   Decrease Java heap size (-Xmx/-Xms)
#   Decrease number of Java threads
#   Decrease Java thread stack sizes (-Xss)
#   Set larger code cache with -XX:ReservedCodeCacheSize=
# This output file may be truncated or incomplete.
#
#  Out of Memory Error (allocation.cpp:390), pid=6692, tid=5048
#
# JRE version: Java(TM) SE Runtime Environment (8.0_20-b26) (build 1.8.0_20-b26)
# Java VM: Java HotSpot(TM) 64-Bit Server VM (25.20-b23 mixed mode windows-amd64 compressed oops)
# Failed to write core dump. Minidumps are not enabled by default on client versions of Windows
#

---------------  T H R E A D  ---------------

Current thread (0x0000000006247800):  JavaThread "C2 CompilerThread1" daemon [_thread_in_native, id=5048, stack(0x0000000007f60000,0x0000000008060000)]

Stack: [0x0000000007f60000,0x0000000008060000]
Native frames: (J=compiled Java code, j=interpreted, Vv=VM code, C=native code)
V  [jvm.dll+0x3152fa]


Current CompileTask:
C2:3533320 9546   !   4       org.gradle.api.internal.AbstractClassGenerator::generateUnderLock (1142 bytes)


---------------  P R O C E S S  ---------------

Java Threads: ( => current thread )
  0x00000000094a6000 JavaThread "Stdin handler" [_thread_blocked, id=5252, stack(0x000000005e450000,0x000000005e550000)]
  0x00000000094a4800 JavaThread "Handler for socket connection at /127.0.0.1:64539 with /127.0.0.1:50061" [_thread_in_native, id=3780, stack(0x000000000da80000,0x000000000db80000)]
  0x00000000094a5800 JavaThread "Daemon Thread 8" [_thread_in_native, id=6852, stack(0x000000000a0a0000,0x000000000a1a0000)]
  0x000000000cf91000 JavaThread "File lock request listener" [_thread_in_native, id=6288, stack(0x000000000be80000,0x000000000bf80000)]
  0x0000000008f26800 JavaThread "Incoming local TCP Connector on port 64539" [_thread_in_native, id=5260, stack(0x00000000082c0000,0x00000000083c0000)]
  0x0000000007b11800 JavaThread "Service Thread" daemon [_thread_blocked, id=5308, stack(0x0000000008190000,0x0000000008290000)]
  0x0000000006248800 JavaThread "C1 CompilerThread2" daemon [_thread_blocked, id=568, stack(0x0000000007550000,0x0000000007650000)]
=>0x0000000006247800 JavaThread "C2 CompilerThread1" daemon [_thread_in_native, id=5048, stack(0x0000000007f60000,0x0000000008060000)]
  0x0000000006240000 JavaThread "C2 CompilerThread0" daemon [_thread_in_native, id=5608, stack(0x00000000079a0000,0x0000000007aa0000)]
  0x000000000624e800 JavaThread "Attach Listener" daemon [_thread_blocked, id=1424, stack(0x0000000007870000,0x0000000007970000)]
  0x000000000624d800 JavaThread "Signal Dispatcher" daemon [_thread_blocked, id=3748, stack(0x0000000007680000,0x0000000007780000)]
  0x00000000061e5800 JavaThread "Finalizer" daemon [_thread_blocked, id=3788, stack(0x00000000073d0000,0x00000000074d0000)]
  0x00000000061dc800 JavaThread "Reference Handler" daemon [_thread_blocked, id=6568, stack(0x0000000007130000,0x0000000007230000)]
  0x000000000257f000 JavaThread "main" [_thread_blocked, id=2264, stack(0x00000000027b0000,0x00000000028b0000)]

Other Threads:
  0x00000000061d7000 VMThread [stack: 0x0000000007240000,0x0000000007340000] [id=6184]
  0x0000000007b2c800 WatcherThread [stack: 0x0000000008440000,0x0000000008540000] [id=3876]

VM state:not at safepoint (normal execution)

VM Mutex/Monitor currently owned by a thread: None

Heap:
 PSYoungGen      total 264192K, used 197499K [0x00000000eab00000, 0x00000000fe400000, 0x0000000100000000)
  eden space 218624K, 90% used [0x00000000eab00000,0x00000000f6bdee08,0x00000000f8080000)
  from space 45568K, 0% used [0x00000000fb080000,0x00000000fb080000,0x00000000fdd00000)
  to   space 49152K, 0% used [0x00000000f8080000,0x00000000f8080000,0x00000000fb080000)
 ParOldGen       total 139264K, used 97854K [0x00000000c0000000, 0x00000000c8800000, 0x00000000eab00000)
  object space 139264K, 70% used [0x00000000c0000000,0x00000000c5f8f928,0x00000000c8800000)
 Metaspace       used 73633K, capacity 78404K, committed 78552K, reserved 1116160K
  class space    used 9947K, capacity 11506K, committed 11520K, reserved 1048576K

Card table byte_map: [0x0000000002c70000,0x0000000002e80000] byte_map_base: 0x0000000002670000

Marking Bits: (ParMarkBitMap*) 0x0000000066c9b460
 Begin Bits: [0x0000000003650000, 0x0000000004650000)
 End Bits:   [0x0000000004650000, 0x0000000005650000)

Polling page: 0x0000000000430000

CodeCache: size=245760Kb used=28617Kb max_used=28617Kb free=217142Kb
 bounds [0x000000000f010000, 0x0000000010c30000, 0x000000001e010000]
 total_blobs=8305 nmethods=7627 adapters=589
 compilation: enabled

Compilation events (10 events):
Event: 3532.427 Thread 0x0000000006248800 9578       3       com.google.common.collect.HashBiMap::seekByValue (47 bytes)
Event: 3532.428 Thread 0x0000000006248800 nmethod 9578 0x0000000010c23050 code [0x0000000010c231e0, 0x0000000010c236c8]
Event: 3532.430 Thread 0x0000000006248800 9579       3       org.gradle.api.internal.artifacts.ivyservice.resolveengine.result.StreamingResolutionResultBuilder$4::write (116 bytes)
Event: 3532.432 Thread 0x0000000006248800 nmethod 9579 0x0000000010c238d0 code [0x0000000010c23b60, 0x0000000010c249f8]
Event: 3532.478 Thread 0x0000000006248800 9580       3       org.gradle.cache.internal.DefaultFileLockManager::access$500 (4 bytes)
Event: 3532.478 Thread 0x0000000006248800 nmethod 9580 0x0000000010914150 code [0x00000000109142a0, 0x00000000109143d0]
Event: 3532.539 Thread 0x0000000006248800 9581       3       org.gradle.util.ConfigureUtil::configure (20 bytes)
Event: 3532.539 Thread 0x0000000006248800 nmethod 9581 0x0000000010be1c50 code [0x0000000010be1dc0, 0x0000000010be2088]
Event: 3532.540 Thread 0x0000000006248800 9582       1       org.gradle.invocation.DefaultGradle::getStartParameter (5 bytes)
Event: 3532.540 Thread 0x0000000006248800 nmethod 9582 0x00000000103e0990 code [0x00000000103e0ae0, 0x00000000103e0bf0]

GC Heap History (10 events):
Event: 1474.756 GC heap before
{Heap before GC invocations=30 (full 7):
 PSYoungGen      total 220160K, used 19696K [0x00000000eab00000, 0x00000000fb780000, 0x0000000100000000)
  eden space 187904K, 0% used [0x00000000eab00000,0x00000000eab00000,0x00000000f6280000)
  from space 32256K, 61% used [0x00000000f6280000,0x00000000f75bc318,0x00000000f8200000)
  to   space 32768K, 0% used [0x00000000f9780000,0x00000000f9780000,0x00000000fb780000)
 ParOldGen       total 139264K, used 81147K [0x00000000c0000000, 0x00000000c8800000, 0x00000000eab00000)
  object space 139264K, 58% used [0x00000000c0000000,0x00000000c4f3ef38,0x00000000c8800000)
 Metaspace       used 67293K, capacity 71298K, committed 71512K, reserved 1110016K
  class space    used 9120K, capacity 10558K, committed 10624K, reserved 1048576K
Event: 1475.320 GC heap after
Heap after GC invocations=30 (full 7):
 PSYoungGen      total 220160K, used 0K [0x00000000eab00000, 0x00000000fb780000, 0x0000000100000000)
  eden space 187904K, 0% used [0x00000000eab00000,0x00000000eab00000,0x00000000f6280000)
  from space 32256K, 0% used [0x00000000f6280000,0x00000000f6280000,0x00000000f8200000)
  to   space 32768K, 0% used [0x00000000f9780000,0x00000000f9780000,0x00000000fb780000)
 ParOldGen       total 139264K, used 72560K [0x00000000c0000000, 0x00000000c8800000, 0x00000000eab00000)
  object space 139264K, 52% used [0x00000000c0000000,0x00000000c46dc298,0x00000000c8800000)
 Metaspace       used 54479K, capacity 56712K, committed 71512K, reserved 1110016K
  class space    used 7224K, capacity 8005K, committed 10624K, reserved 1048576K
}
Event: 1561.839 GC heap before
{Heap before GC invocations=31 (full 7):
 PSYoungGen      total 220160K, used 187904K [0x00000000eab00000, 0x00000000fb780000, 0x0000000100000000)
  eden space 187904K, 100% used [0x00000000eab00000,0x00000000f6280000,0x00000000f6280000)
  from space 32256K, 0% used [0x00000000f6280000,0x00000000f6280000,0x00000000f8200000)
  to   space 32768K, 0% used [0x00000000f9780000,0x00000000f9780000,0x00000000fb780000)
 ParOldGen       total 139264K, used 72560K [0x00000000c0000000, 0x00000000c8800000, 0x00000000eab00000)
  object space 139264K, 52% used [0x00000000c0000000,0x00000000c46dc298,0x00000000c8800000)
 Metaspace       used 60388K, capacity 63354K, committed 71512K, reserved 1110016K
  class space    used 8043K, capacity 9063K, committed 10624K, reserved 1048576K
Event: 1561.879 GC heap after
Heap after GC invocations=31 (full 7):
 PSYoungGen      total 238592K, used 27484K [0x00000000eab00000, 0x00000000fbb80000, 0x0000000100000000)
  eden space 205824K, 0% used [0x00000000eab00000,0x00000000eab00000,0x00000000f7400000)
  from space 32768K, 83% used [0x00000000f9780000,0x00000000fb2573a0,0x00000000fb780000)
  to   space 36352K, 0% used [0x00000000f7400000,0x00000000f7400000,0x00000000f9780000)
 ParOldGen       total 139264K, used 72568K [0x00000000c0000000, 0x00000000c8800000, 0x00000000eab00000)
  object space 139264K, 52% used [0x00000000c0000000,0x00000000c46de298,0x00000000c8800000)
 Metaspace       used 60388K, capacity 63354K, committed 71512K, reserved 1110016K
  class space    used 8043K, capacity 9063K, committed 10624K, reserved 1048576K
}
Event: 1886.356 GC heap before
{Heap before GC invocations=32 (full 7):
 PSYoungGen      total 238592K, used 233308K [0x00000000eab00000, 0x00000000fbb80000, 0x0000000100000000)
  eden space 205824K, 100% used [0x00000000eab00000,0x00000000f7400000,0x00000000f7400000)
  from space 32768K, 83% used [0x00000000f9780000,0x00000000fb2573a0,0x00000000fb780000)
  to   space 36352K, 0% used [0x00000000f7400000,0x00000000f7400000,0x00000000f9780000)
 ParOldGen       total 139264K, used 72568K [0x00000000c0000000, 0x00000000c8800000, 0x00000000eab00000)
  object space 139264K, 52% used [0x00000000c0000000,0x00000000c46de298,0x00000000c8800000)
 Metaspace       used 67491K, capacity 71068K, committed 71512K, reserved 1110016K
  class space    used 9065K, capacity 10300K, committed 10624K, reserved 1048576K
Event: 1886.411 GC heap after
Heap after GC invocations=32 (full 7):
 PSYoungGen      total 242176K, used 36323K [0x00000000eab00000, 0x00000000fdd00000, 0x0000000100000000)
  eden space 205824K, 0% used [0x00000000eab00000,0x00000000eab00000,0x00000000f7400000)
  from space 36352K, 99% used [0x00000000f7400000,0x00000000f9778dd0,0x00000000f9780000)
  to   space 45568K, 0% used [0x00000000fb080000,0x00000000fb080000,0x00000000fdd00000)
 ParOldGen       total 139264K, used 82194K [0x00000000c0000000, 0x00000000c8800000, 0x00000000eab00000)
  object space 139264K, 59% used [0x00000000c0000000,0x00000000c5044848,0x00000000c8800000)
 Metaspace       used 67491K, capacity 71068K, committed 71512K, reserved 1110016K
  class space    used 9065K, capacity 10300K, committed 10624K, reserved 1048576K
}
Event: 1886.493 GC heap before
{Heap before GC invocations=33 (full 7):
 PSYoungGen      total 242176K, used 39518K [0x00000000eab00000, 0x00000000fdd00000, 0x0000000100000000)
  eden space 205824K, 1% used [0x00000000eab00000,0x00000000eae1ed08,0x00000000f7400000)
  from space 36352K, 99% used [0x00000000f7400000,0x00000000f9778dd0,0x00000000f9780000)
  to   space 45568K, 0% used [0x00000000fb080000,0x00000000fb080000,0x00000000fdd00000)
 ParOldGen       total 139264K, used 82194K [0x00000000c0000000, 0x00000000c8800000, 0x00000000eab00000)
  object space 139264K, 59% used [0x00000000c0000000,0x00000000c5044848,0x00000000c8800000)
 Metaspace       used 67565K, capacity 71154K, committed 71512K, reserved 1110016K
  class space    used 9078K, capacity 10310K, committed 10624K, reserved 1048576K
Event: 1886.585 GC heap after
Heap after GC invocations=33 (full 7):
 PSYoungGen      total 264192K, used 35221K [0x00000000eab00000, 0x00000000fe400000, 0x0000000100000000)
  eden space 218624K, 0% used [0x00000000eab00000,0x00000000eab00000,0x00000000f8080000)
  from space 45568K, 77% used [0x00000000fb080000,0x00000000fd2e5560,0x00000000fdd00000)
  to   space 49152K, 0% used [0x00000000f8080000,0x00000000f8080000,0x00000000fb080000)
 ParOldGen       total 139264K, used 82194K [0x00000000c0000000, 0x00000000c8800000, 0x00000000eab00000)
  object space 139264K, 59% used [0x00000000c0000000,0x00000000c5044848,0x00000000c8800000)
 Metaspace       used 67565K, capacity 71154K, committed 71512K, reserved 1110016K
  class space    used 9078K, capacity 10310K, committed 10624K, reserved 1048576K
}
Event: 1886.585 GC heap before
{Heap before GC invocations=34 (full 8):
 PSYoungGen      total 264192K, used 35221K [0x00000000eab00000, 0x00000000fe400000, 0x0000000100000000)
  eden space 218624K, 0% used [0x00000000eab00000,0x00000000eab00000,0x00000000f8080000)
  from space 45568K, 77% used [0x00000000fb080000,0x00000000fd2e5560,0x00000000fdd00000)
  to   space 49152K, 0% used [0x00000000f8080000,0x00000000f8080000,0x00000000fb080000)
 ParOldGen       total 139264K, used 82194K [0x00000000c0000000, 0x00000000c8800000, 0x00000000eab00000)
  object space 139264K, 59% used [0x00000000c0000000,0x00000000c5044848,0x00000000c8800000)
 Metaspace       used 67565K, capacity 71154K, committed 71512K, reserved 1110016K
  class space    used 9078K, capacity 10310K, committed 10624K, reserved 1048576K
Event: 1887.333 GC heap after
Heap after GC invocations=34 (full 8):
 PSYoungGen      total 264192K, used 0K [0x00000000eab00000, 0x00000000fe400000, 0x0000000100000000)
  eden space 218624K, 0% used [0x00000000eab00000,0x00000000eab00000,0x00000000f8080000)
  from space 45568K, 0% used [0x00000000fb080000,0x00000000fb080000,0x00000000fdd00000)
  to   space 49152K, 0% used [0x00000000f8080000,0x00000000f8080000,0x00000000fb080000)
 ParOldGen       total 139264K, used 97854K [0x00000000c0000000, 0x00000000c8800000, 0x00000000eab00000)
  object space 139264K, 70% used [0x00000000c0000000,0x00000000c5f8f928,0x00000000c8800000)
 Metaspace       used 67565K, capacity 71154K, committed 71512K, reserved 1110016K
  class space    used 9078K, capacity 10310K, committed 10624K, reserved 1048576K
}

Deoptimization events (10 events):
Event: 1453.293 Thread 0x0000000008f26800 Uncommon trap: reason=unreached action=reinterpret pc=0x00000000103a2f74 method=sun.util.locale.provider.LocaleResources.removeEmptyReferences()V @ 9
Event: 1453.572 Thread 0x00000000094a5800 Uncommon trap: reason=unreached action=reinterpret pc=0x000000000f15d7d8 method=org.codehaus.groovy.util.ReferenceManager$1.removeStallEntries()V @ 11
Event: 1458.291 Thread 0x00000000094a5800 Uncommon trap: reason=range_check action=make_not_entrant pc=0x000000000f312130 method=java.lang.Character.codePointAtImpl([CII)I @ 2
Event: 1458.441 Thread 0x00000000094a5800 Uncommon trap: reason=class_check action=maybe_recompile pc=0x000000001061e02c method=com.sun.tools.javac.code.Types.rank(Lcom/sun/tools/javac/code/Type;)I @ 131
Event: 1458.442 Thread 0x00000000094a5800 Uncommon trap: reason=class_check action=maybe_recompile pc=0x000000001061e02c method=com.sun.tools.javac.code.Types.rank(Lcom/sun/tools/javac/code/Type;)I @ 131
Event: 1548.360 Thread 0x00000000094a5800 Uncommon trap: reason=null_check action=make_not_entrant pc=0x0000000010914e28 method=java.beans.PropertyDescriptor.isAssignable(Ljava/lang/reflect/Method;Ljava/lang/reflect/Method;)Z @ 72
Event: 1549.695 Thread 0x00000000094a5800 Uncommon trap: reason=class_check action=maybe_recompile pc=0x000000001061e02c method=com.sun.tools.javac.code.Types.rank(Lcom/sun/tools/javac/code/Type;)I @ 131
Event: 1549.695 Thread 0x00000000094a5800 Uncommon trap: reason=class_check action=maybe_recompile pc=0x000000001061e02c method=com.sun.tools.javac.code.Types.rank(Lcom/sun/tools/javac/code/Type;)I @ 131
Event: 1988.867 Thread 0x00000000094a5800 Uncommon trap: reason=null_check action=make_not_entrant pc=0x000000000f194edc method=java.beans.Introspector.isAssignable(Ljava/lang/Class;Ljava/lang/Class;)Z @ 23
Event: 1988.871 Thread 0x00000000094a5800 Uncommon trap: reason=null_check action=make_not_entrant pc=0x0000000010973c0c method=java.beans.Introspector.isAssignable(Ljava/lang/Class;Ljava/lang/Class;)Z @ 23

Internal exceptions (10 events):
Event: 3532.507 Thread 0x00000000094a5800 Exception <a 'java/security/PrivilegedActionException'> (0x00000000f6a0a308) thrown at [D:\re\workspace\8-2-build-windows-amd64-cygwin\jdk8u20\1074\hotspot\src\share\vm\prims\jvm.cpp, line 1275]
Event: 3532.507 Thread 0x00000000094a5800 Exception <a 'java/lang/ClassNotFoundException': build_6897gcvmla2m7aplcuk7ptsuatCustomizer> (0x00000000f6a0a860) thrown at [D:\re\workspace\8-2-build-windows-amd64-cygwin\jdk8u20\1074\hotspot\src\share\vm\classfile\systemDictionary.cpp, line 202]
Event: 3532.509 Thread 0x00000000094a5800 Exception <a 'java/security/PrivilegedActionException'> (0x00000000f6a3d2b0) thrown at [D:\re\workspace\8-2-build-windows-amd64-cygwin\jdk8u20\1074\hotspot\src\share\vm\prims\jvm.cpp, line 1275]
Event: 3532.520 Thread 0x00000000094a5800 Exception <a 'java/security/PrivilegedActionException'> (0x00000000f6a42e18) thrown at [D:\re\workspace\8-2-build-windows-amd64-cygwin\jdk8u20\1074\hotspot\src\share\vm\prims\jvm.cpp, line 1275]
Event: 3532.520 Thread 0x00000000094a5800 Exception <a 'java/security/PrivilegedActionException'> (0x00000000f6a43e00) thrown at [D:\re\workspace\8-2-build-windows-amd64-cygwin\jdk8u20\1074\hotspot\src\share\vm\prims\jvm.cpp, line 1275]
Event: 3532.520 Thread 0x00000000094a5800 Exception <a 'java/security/PrivilegedActionException'> (0x00000000f6a4da98) thrown at [D:\re\workspace\8-2-build-windows-amd64-cygwin\jdk8u20\1074\hotspot\src\share\vm\prims\jvm.cpp, line 1275]
Event: 3532.521 Thread 0x00000000094a5800 Exception <a 'java/security/PrivilegedActionException'> (0x00000000f6a548a8) thrown at [D:\re\workspace\8-2-build-windows-amd64-cygwin\jdk8u20\1074\hotspot\src\share\vm\prims\jvm.cpp, line 1275]
Event: 3532.538 Thread 0x00000000094a5800 Exception <a 'java/security/PrivilegedActionException'> (0x00000000f6a5a9e8) thrown at [D:\re\workspace\8-2-build-windows-amd64-cygwin\jdk8u20\1074\hotspot\src\share\vm\prims\jvm.cpp, line 1275]
Event: 3532.538 Thread 0x00000000094a5800 Exception <a 'java/security/PrivilegedActionException'> (0x00000000f6a5bd78) thrown at [D:\re\workspace\8-2-build-windows-amd64-cygwin\jdk8u20\1074\hotspot\src\share\vm\prims\jvm.cpp, line 1275]
Event: 3532.539 Thread 0x00000000094a5800 Exception <a 'java/security/PrivilegedActionException'> (0x00000000f6a66958) thrown at [D:\re\workspace\8-2-build-windows-amd64-cygwin\jdk8u20\1074\hotspot\src\share\vm\prims\jvm.cpp, line 1275]

Events (10 events):
Event: 3532.506 loading class build_6897gcvmla2m7aplcuk7ptsuatBeanInfo
Event: 3532.506 loading class build_6897gcvmla2m7aplcuk7ptsuatBeanInfo done
Event: 3532.507 loading class build_6897gcvmla2m7aplcuk7ptsuatCustomizer
Event: 3532.507 loading class build_6897gcvmla2m7aplcuk7ptsuatCustomizer done
Event: 3532.507 loading class build_6897gcvmla2m7aplcuk7ptsuatCustomizer
Event: 3532.507 loading class build_6897gcvmla2m7aplcuk7ptsuatCustomizer done
Event: 3532.520 loading class groovy/runtime/metaclass/build_6897gcvmla2m7aplcuk7ptsuat$_run_closure1MetaClass
Event: 3532.520 loading class groovy/runtime/metaclass/build_6897gcvmla2m7aplcuk7ptsuat$_run_closure1MetaClass done
Event: 3532.538 loading class groovy/runtime/metaclass/build_6897gcvmla2m7aplcuk7ptsuat$_run_closure1_closure2MetaClass
Event: 3532.538 loading class groovy/runtime/metaclass/build_6897gcvmla2m7aplcuk7ptsuat$_run_closure1_closure2MetaClass done


Dynamic libraries:
0x000000013ffe0000 - 0x0000000140014000 	C:\Program Files\Java\jdk1.8.0_20\bin\java.exe
0x0000000077050000 - 0x00000000771f9000 	C:\Windows\SYSTEM32\ntdll.dll
0x0000000076f30000 - 0x000000007704f000 	C:\Windows\system32\kernel32.dll
0x000007fefd040000 - 0x000007fefd0ab000 	C:\Windows\system32\KERNELBASE.dll
0x000007fefd230000 - 0x000007fefd30b000 	C:\Windows\system32\ADVAPI32.dll
0x000007feff1b0000 - 0x000007feff24f000 	C:\Windows\system32\msvcrt.dll
0x000007fefdd50000 - 0x000007fefdd6f000 	C:\Windows\SYSTEM32\sechost.dll
0x000007fefdb10000 - 0x000007fefdc3d000 	C:\Windows\system32\RPCRT4.dll
0x0000000076e30000 - 0x0000000076f2a000 	C:\Windows\system32\USER32.dll
0x000007feff250000 - 0x000007feff2b7000 	C:\Windows\system32\GDI32.dll
0x000007fefddd0000 - 0x000007fefddde000 	C:\Windows\system32\LPK.dll
0x000007fefd780000 - 0x000007fefd849000 	C:\Windows\system32\USP10.dll
0x000007fefb780000 - 0x000007fefb974000 	C:\Windows\WinSxS\amd64_microsoft.windows.common-controls_6595b64144ccf1df_6.0.7601.17514_none_fa396087175ac9ac\COMCTL32.dll
0x000007fefd490000 - 0x000007fefd501000 	C:\Windows\system32\SHLWAPI.dll
0x000007fefd750000 - 0x000007fefd77e000 	C:\Windows\system32\IMM32.DLL
0x000007fefdc40000 - 0x000007fefdd49000 	C:\Windows\system32\MSCTF.dll
0x000007fefcdc0000 - 0x000007fefcdf1000 	C:\Windows\system32\nvinitx.dll
0x000000000f000000 - 0x000000000f006000 	C:\Program Files\NVIDIA Corporation\CoProcManager\detoured.dll
0x000007fef8a60000 - 0x000007fef8a8d000 	C:\Program Files\NVIDIA Corporation\CoProcManager\nvd3d9wrapx.dll
0x000007fefdec0000 - 0x000007fefe097000 	C:\Windows\system32\SETUPAPI.dll
0x000007fefcec0000 - 0x000007fefcef6000 	C:\Windows\system32\CFGMGR32.dll
0x000007fefdde0000 - 0x000007fefdeb7000 	C:\Windows\system32\OLEAUT32.dll
0x000007fefd850000 - 0x000007fefda53000 	C:\Windows\system32\ole32.dll
0x000007fefcfb0000 - 0x000007fefcfca000 	C:\Windows\system32\DEVOBJ.dll
0x000007fef8a20000 - 0x000007fef8a42000 	C:\Program Files\NVIDIA Corporation\CoProcManager\nvdxgiwrapx.dll
0x000000006af30000 - 0x000000006b002000 	C:\Program Files\Java\jdk1.8.0_20\jre\bin\msvcr100.dll
0x00000000664c0000 - 0x0000000066d18000 	C:\Program Files\Java\jdk1.8.0_20\jre\bin\server\jvm.dll
0x000007fef35e0000 - 0x000007fef35e9000 	C:\Windows\system32\WSOCK32.dll
0x000007fefe350000 - 0x000007fefe39d000 	C:\Windows\system32\WS2_32.dll
0x000007fefdb00000 - 0x000007fefdb08000 	C:\Windows\system32\NSI.dll
0x000007fef8c90000 - 0x000007fef8ccb000 	C:\Windows\system32\WINMM.dll
0x0000000077220000 - 0x0000000077227000 	C:\Windows\system32\PSAPI.DLL
0x0000000074860000 - 0x000000007486f000 	C:\Program Files\Java\jdk1.8.0_20\jre\bin\verify.dll
0x0000000074000000 - 0x0000000074028000 	C:\Program Files\Java\jdk1.8.0_20\jre\bin\java.dll
0x0000000074840000 - 0x0000000074856000 	C:\Program Files\Java\jdk1.8.0_20\jre\bin\zip.dll
0x000007fefe3a0000 - 0x000007feff128000 	C:\Windows\system32\SHELL32.dll
0x000007fefce00000 - 0x000007fefce0f000 	C:\Windows\system32\profapi.dll
0x000007fefc650000 - 0x000007fefc667000 	C:\Windows\system32\CRYPTSP.dll
0x000007fefc350000 - 0x000007fefc397000 	C:\Windows\system32\rsaenh.dll
0x000007fefc110000 - 0x000007fefc12e000 	C:\Windows\system32\USERENV.dll
0x000007fefccb0000 - 0x000007fefccbf000 	C:\Windows\system32\CRYPTBASE.dll
0x0000000073fe0000 - 0x0000000073ffa000 	C:\Program Files\Java\jdk1.8.0_20\jre\bin\net.dll
0x000007fefc5f0000 - 0x000007fefc645000 	C:\Windows\system32\mswsock.dll
0x000007fefc5e0000 - 0x000007fefc5e7000 	C:\Windows\System32\wship6.dll
0x000007fef8570000 - 0x000007fef8597000 	C:\Windows\system32\IPHLPAPI.DLL
0x000007fef9d70000 - 0x000007fef9d7b000 	C:\Windows\system32\WINNSI.DLL
0x000007fef9b80000 - 0x000007fef9b98000 	C:\Windows\system32\dhcpcsvc.DLL
0x000007fef9b60000 - 0x000007fef9b71000 	C:\Windows\system32\dhcpcsvc6.DLL
0x0000000073e10000 - 0x0000000073e21000 	C:\Program Files\Java\jdk1.8.0_20\jre\bin\nio.dll
0x000007fefa9c0000 - 0x000007fefa9d2000 	C:\Users\Admin\AppData\Local\Temp\native-platform2137091743502311173dir\native-platform.dll
0x000007fefcc50000 - 0x000007fefcca7000 	C:\Windows\system32\apphelp.dll

VM Arguments:
jvm_args: -XX:MaxPermSize=256m -XX:+HeapDumpOnOutOfMemoryError -Xmx1024m -Dfile.encoding=windows-1251 
java_command: org.gradle.launcher.daemon.bootstrap.GradleDaemon 1.12 C:\Users\Admin\.gradle\daemon 10800000 4f4518dd-2709-4d20-b883-1c5f04e6c5e4 -XX:MaxPermSize=256m -XX:+HeapDumpOnOutOfMemoryError -Xmx1024m -Dfile.encoding=windows-1251
java_class_path (initial): C:\Users\Admin\.gradle\wrapper\dists\gradle-1.12-all\2apkk7d25miauqf1pdjp1bm0uo\gradle-1.12\lib\gradle-launcher-1.12.jar
Launcher Type: SUN_STANDARD

Environment Variables:
JAVA_HOME=C:\Program Files\Java\jdk1.8.0_20
PATH=C:\ProgramData\Oracle\Java\javapath;C:\Program Files (x86)\NVIDIA Corporation\PhysX\Common;C:\Program Files (x86)\Intel\iCLS Client\;C:\Program Files\Intel\iCLS Client\;C:\Windows\system32;C:\Windows;C:\Windows\System32\Wbem;C:\Windows\System32\WindowsPowerShell\v1.0\;C:\Program Files (x86)\Intel\OpenCL SDK\2.0\bin\x86;C:\Program Files (x86)\Intel\OpenCL SDK\2.0\bin\x64;C:\Program Files\Intel\Intel(R) Management Engine Components\DAL;C:\Program Files\Intel\Intel(R) Management Engine Components\IPT;C:\Program Files (x86)\Intel\Intel(R) Management Engine Components\DAL;C:\Program Files (x86)\Intel\Intel(R) Management Engine Components\IPT
USERNAME=Admin
OS=Windows_NT
PROCESSOR_IDENTIFIER=Intel64 Family 6 Model 58 Stepping 9, GenuineIntel



---------------  S Y S T E M  ---------------

OS: Windows 7 , 64 bit Build 7601 Service Pack 1

CPU:total 4 (2 cores per cpu, 2 threads per core) family 6 model 58 stepping 9, cmov, cx8, fxsr, mmx, sse, sse2, sse3, ssse3, sse4.1, sse4.2, popcnt, avx, clmul, erms, ht, tsc, tscinvbit, tscinv

Memory: 4k page, physical 4077464k(465292k free), swap 4075600k(5196k free)

vm_info: Java HotSpot(TM) 64-Bit Server VM (25.20-b23) for windows-amd64 JRE (1.8.0_20-b26), built on Jul 30 2014 13:51:23 by "java_re" with MS VC++ 10.0 (VS2010)

time: Fri Aug 29 19:01:41 2014
elapsed time: 3532 seconds (0d 0h 58m 52s)

